<?xml version="1.0" encoding="UTF-8"?>
<!-- Generated by org.testng.reporters.JUnitReportReporter -->
<testsuite hostname="0519-EngrSvr02" name="nsg.wmts10.testsuite.gettile.GetTileParameters" tests="2" failures="0" timestamp="10 Jul 2017 16:00:13 GMT" time="448.670" errors="1">
  <testcase name="wmsGetTileRequestParametersSupported" time="448.670" classname="nsg.wmts10.testsuite.gettile.GetTileParameters">
    <error type="java.lang.AssertionError" message="The following asserts failed:
Expected content type image/x-jpegorpng, but received image/png, Expected status code(s) [200] but received 500., Expected content type image/jpgpng, but received text/xml; charset=utf-8">
      <![CDATA[java.lang.AssertionError: The following asserts failed:
Expected content type image/x-jpegorpng, but received image/png, Expected status code(s) [200] but received 500., Expected content type image/jpgpng, but received text/xml; charset=utf-8
	at org.testng.asserts.SoftAssert.assertAll(SoftAssert.java:38)
	at nsg.wmts10.testsuite.gettile.GetTileParameters.wmsGetTileRequestParametersSupported(GetTileParameters.java:88)
	at sun.reflect.NativeMethodAccessorImpl.invoke0(Native Method)
	at sun.reflect.NativeMethodAccessorImpl.invoke(NativeMethodAccessorImpl.java:62)
	at sun.reflect.DelegatingMethodAccessorImpl.invoke(DelegatingMethodAccessorImpl.java:43)
	at java.lang.reflect.Method.invoke(Method.java:498)
	at org.testng.internal.MethodInvocationHelper.invokeMethod(MethodInvocationHelper.java:84)
	at org.testng.internal.Invoker.invokeMethod(Invoker.java:714)
	at org.testng.internal.Invoker.invokeTestMethod(Invoker.java:901)
	at org.testng.internal.Invoker.invokeTestMethods(Invoker.java:1231)
	at org.testng.internal.TestMethodWorker.invokeTestMethods(TestMethodWorker.java:127)
	at org.testng.internal.TestMethodWorker.run(TestMethodWorker.java:111)
	at org.testng.TestRunner.privateRun(TestRunner.java:767)
	at org.testng.TestRunner.run(TestRunner.java:617)
	at org.testng.SuiteRunner.runTest(SuiteRunner.java:348)
	at org.testng.SuiteRunner.runSequentially(SuiteRunner.java:343)
	at org.testng.SuiteRunner.privateRun(SuiteRunner.java:305)
	at org.testng.SuiteRunner.run(SuiteRunner.java:254)
	at org.testng.SuiteRunnerWorker.runSuite(SuiteRunnerWorker.java:52)
	at org.testng.SuiteRunnerWorker.run(SuiteRunnerWorker.java:86)
	at org.testng.TestNG.runSuitesSequentially(TestNG.java:1224)
	at org.testng.TestNG.runSuitesLocally(TestNG.java:1149)
	at org.testng.TestNG.run(TestNG.java:1057)
	at org.testng.remote.AbstractRemoteTestNG.run(AbstractRemoteTestNG.java:132)
	at org.testng.remote.RemoteTestNG.initAndRun(RemoteTestNG.java:230)
	at org.testng.remote.RemoteTestNG.main(RemoteTestNG.java:76)
]]>
    </error>
  </testcase> <!-- wmsGetTileRequestParametersSupported -->
  <testcase name="wmtsGetTileKVPRequestsExists" time="0.000" classname="nsg.wmts10.testsuite.gettile.GetTileParameters"/>
</testsuite> <!-- nsg.wmts10.testsuite.gettile.GetTileParameters -->
