<?xml version="1.0" encoding="UTF-8"?>
<!-- Generated by org.testng.reporters.JUnitReportReporter -->
<testsuite hostname="0519-EngrSvr02" name="nsg.wmts10.testsuite.getcapabilities.ServiceMetadataContent" tests="21" failures="10" timestamp="14 Jul 2017 13:14:17 GMT" time="11.854" errors="4">
  <testcase name="wmtsCapabilitiesLayerStyleLegends" time="10.837" classname="nsg.wmts10.testsuite.getcapabilities.ServiceMetadataContent">
    <error type="java.lang.AssertionError" message="The following asserts failed:
&lt;Layer&gt;: Airports.Airports does not have a minScaleDenominator for &lt;Style&gt;: default for a Legend, &lt;Layer&gt;: Airports.Airports does not have a maxScaleDenominator for &lt;Style&gt;: default for a Legend, &lt;Layer&gt;: CLT_Airfield_OpsVue.CLT_Airfield_OpsVue does not have a minScaleDenominator for &lt;Style&gt;: default for a Legend, &lt;Layer&gt;: CLT_Airfield_OpsVue.CLT_Airfield_OpsVue does not have a maxScaleDenominator for &lt;Style&gt;: default for a Legend, &lt;Layer&gt;: CLT_OpsVue_Inverted.CLT_OpsVue_Inverted does not have a minScaleDenominator for &lt;Style&gt;: default for a Legend, &lt;Layer&gt;: CLT_OpsVue_Inverted.CLT_OpsVue_Inverted does not have a maxScaleDenominator for &lt;Style&gt;: default for a Legend, &lt;Layer&gt;: CVG.CVG does not have a minScaleDenominator for &lt;Style&gt;: default for a Legend, &lt;Layer&gt;: CVG.CVG does not have a maxScaleDenominator for &lt;Style&gt;: default for a Legend, &lt;Layer&gt;: IFR_HI.IFR_HI does not have a minScaleDenominator for &lt;Style&gt;: default for a Legend, &lt;Layer&gt;: IFR_HI.IFR_HI does not have a maxScaleDenominator for &lt;Style&gt;: default for a Legend, &lt;Layer&gt;: IFR_LOW.IFR_LOW does not have a minScaleDenominator for &lt;Style&gt;: default for a Legend, &lt;Layer&gt;: IFR_LOW.IFR_LOW does not have a maxScaleDenominator for &lt;Style&gt;: default for a Legend, &lt;Layer&gt;: VFR.VFR does not have a minScaleDenominator for &lt;Style&gt;: default for a Legend, &lt;Layer&gt;: VFR.VFR does not have a maxScaleDenominator for &lt;Style&gt;: default for a Legend, &lt;Layer&gt;: DSM.DSM does not have a minScaleDenominator for &lt;Style&gt;: Elevation for a Legend, &lt;Layer&gt;: DSM.DSM does not have a maxScaleDenominator for &lt;Style&gt;: Elevation for a Legend, &lt;Layer&gt;: DTED.DTED does not have a minScaleDenominator for &lt;Style&gt;: gtopo30 for a Legend, &lt;Layer&gt;: DTED.DTED does not have a maxScaleDenominator for &lt;Style&gt;: gtopo30 for a Legend, &lt;Layer&gt;: KCVG.KCVG does not have a minScaleDenominator for &lt;Style&gt;: default for a Legend, &lt;Layer&gt;: KCVG.KCVG does not have a maxScaleDenominator for &lt;Style&gt;: default for a Legend, &lt;Layer&gt;: KY.KY does not have a minScaleDenominator for &lt;Style&gt;: default for a Legend, &lt;Layer&gt;: KY.KY does not have a maxScaleDenominator for &lt;Style&gt;: default for a Legend, &lt;Layer&gt;: SAN_Airport.SAN_Airport does not have a minScaleDenominator for &lt;Style&gt;: default for a Legend, &lt;Layer&gt;: SAN_Airport.SAN_Airport does not have a maxScaleDenominator for &lt;Style&gt;: default for a Legend, &lt;Layer&gt;: SFO_Airport.SFO_Airport does not have a minScaleDenominator for &lt;Style&gt;: default for a Legend, &lt;Layer&gt;: SFO_Airport.SFO_Airport does not have a maxScaleDenominator for &lt;Style&gt;: default for a Legend, &lt;Layer&gt;: CubeWerx.Foundation.aerofacp_1m does not have a minScaleDenominator for &lt;Style&gt;: cubewerx for a Legend, &lt;Layer&gt;: CubeWerx.Foundation.aerofacp_1m does not have a maxScaleDenominator for &lt;Style&gt;: cubewerx for a Legend, &lt;Layer&gt;: CubeWerx.Foundation.builtupa_1m does not have a minScaleDenominator for &lt;Style&gt;: cubewerx for a Legend, &lt;Layer&gt;: CubeWerx.Foundation.builtupa_1m does not have a maxScaleDenominator for &lt;Style&gt;: cubewerx for a Legend, &lt;Layer&gt;: CubeWerx.Foundation.coastl_1m does not have a minScaleDenominator for &lt;Style&gt;: cubewerx for a Legend, &lt;Layer&gt;: CubeWerx.Foundation.coastl_1m does not have a maxScaleDenominator for &lt;Style&gt;: cubewerx for a Legend, &lt;Layer&gt;: CubeWerx.Foundation.coastl_1m does not have a minScaleDenominator for &lt;Style&gt;: red for a Legend, &lt;Layer&gt;: CubeWerx.Foundation.coastl_1m does not have a maxScaleDenominator for &lt;Style&gt;: red for a Legend, &lt;Layer&gt;: CubeWerx.Foundation.combo does not have a minScaleDenominator for &lt;Style&gt;: cubewerx for a Legend, &lt;Layer&gt;: CubeWerx.Foundation.combo does not have a maxScaleDenominator for &lt;Style&gt;: cubewerx for a Legend, &lt;Layer&gt;: CubeWerx.Foundation.depthl_1m does not have a minScaleDenominator for &lt;Style&gt;: cubewerx for a Legend, &lt;Layer&gt;: CubeWerx.Foundation.depthl_1m does not have a maxScaleDenominator for &lt;Style&gt;: cubewerx for a Legend, &lt;Layer&gt;: CubeWerx.Foundation.etopo2 does not have a minScaleDenominator for &lt;Style&gt;: classicShaded for a Legend, &lt;Layer&gt;: CubeWerx.Foundation.etopo2 does not have a maxScaleDenominator for &lt;Style&gt;: classicShaded for a Legend, &lt;Layer&gt;: CubeWerx.Foundation.GTOPO30 does not have a minScaleDenominator for &lt;Style&gt;: classicShaded for a Legend, &lt;Layer&gt;: CubeWerx.Foundation.GTOPO30 does not have a maxScaleDenominator for &lt;Style&gt;: classicShaded for a Legend, &lt;Layer&gt;: CubeWerx.Foundation.inwatera_1m does not have a minScaleDenominator for &lt;Style&gt;: cubewerx for a Legend, &lt;Layer&gt;: CubeWerx.Foundation.inwatera_1m does not have a maxScaleDenominator for &lt;Style&gt;: cubewerx for a Legend, &lt;Layer&gt;: CubeWerx.Foundation.oceansea_1m does not have a minScaleDenominator for &lt;Style&gt;: cubewerx for a Legend, &lt;Layer&gt;: CubeWerx.Foundation.oceansea_1m does not have a maxScaleDenominator for &lt;Style&gt;: cubewerx for a Legend, &lt;Layer&gt;: CubeWerx.Foundation.polbndl_1m does not have a minScaleDenominator for &lt;Style&gt;: cubewerx for a Legend, &lt;Layer&gt;: CubeWerx.Foundation.polbndl_1m does not have a maxScaleDenominator for &lt;Style&gt;: cubewerx for a Legend, &lt;Layer&gt;: CubeWerx.Foundation.railrdl_1m does not have a minScaleDenominator for &lt;Style&gt;: cubewerx for a Legend, &lt;Layer&gt;: CubeWerx.Foundation.railrdl_1m does not have a maxScaleDenominator for &lt;Style&gt;: cubewerx for a Legend, &lt;Layer&gt;: CubeWerx.Foundation.roadl_1m does not have a minScaleDenominator for &lt;Style&gt;: cubewerx for a Legend, &lt;Layer&gt;: CubeWerx.Foundation.roadl_1m does not have a maxScaleDenominator for &lt;Style&gt;: cubewerx for a Legend, &lt;Layer&gt;: CubeWerx.Foundation.treesa_1m does not have a minScaleDenominator for &lt;Style&gt;: cubewerx for a Legend, &lt;Layer&gt;: CubeWerx.Foundation.treesa_1m does not have a maxScaleDenominator for &lt;Style&gt;: cubewerx for a Legend, &lt;Layer&gt;: CubeWerx.Foundation.watrcrsl_1m does not have a minScaleDenominator for &lt;Style&gt;: cubewerx for a Legend, &lt;Layer&gt;: CubeWerx.Foundation.watrcrsl_1m does not have a maxScaleDenominator for &lt;Style&gt;: cubewerx for a Legend, There is no Legend for &lt;Style&gt;: default under &lt;Layer&gt;: CubeWerx.USGSTopo.USGSTopo, &lt;Layer&gt;: CubeWerx.ASI.ASI does not have a minScaleDenominator for &lt;Style&gt;: default for a Legend, &lt;Layer&gt;: CubeWerx.ASI.ASI does not have a maxScaleDenominator for &lt;Style&gt;: default for a Legend, &lt;Layer&gt;: CubeWerx.ASI.ASI does not have a minScaleDenominator for &lt;Style&gt;: CIR_4_1_2 for a Legend, &lt;Layer&gt;: CubeWerx.ASI.ASI does not have a maxScaleDenominator for &lt;Style&gt;: CIR_4_1_2 for a Legend">
      <![CDATA[java.lang.AssertionError: The following asserts failed:
<Layer>: Airports.Airports does not have a minScaleDenominator for <Style>: default for a Legend, <Layer>: Airports.Airports does not have a maxScaleDenominator for <Style>: default for a Legend, <Layer>: CLT_Airfield_OpsVue.CLT_Airfield_OpsVue does not have a minScaleDenominator for <Style>: default for a Legend, <Layer>: CLT_Airfield_OpsVue.CLT_Airfield_OpsVue does not have a maxScaleDenominator for <Style>: default for a Legend, <Layer>: CLT_OpsVue_Inverted.CLT_OpsVue_Inverted does not have a minScaleDenominator for <Style>: default for a Legend, <Layer>: CLT_OpsVue_Inverted.CLT_OpsVue_Inverted does not have a maxScaleDenominator for <Style>: default for a Legend, <Layer>: CVG.CVG does not have a minScaleDenominator for <Style>: default for a Legend, <Layer>: CVG.CVG does not have a maxScaleDenominator for <Style>: default for a Legend, <Layer>: IFR_HI.IFR_HI does not have a minScaleDenominator for <Style>: default for a Legend, <Layer>: IFR_HI.IFR_HI does not have a maxScaleDenominator for <Style>: default for a Legend, <Layer>: IFR_LOW.IFR_LOW does not have a minScaleDenominator for <Style>: default for a Legend, <Layer>: IFR_LOW.IFR_LOW does not have a maxScaleDenominator for <Style>: default for a Legend, <Layer>: VFR.VFR does not have a minScaleDenominator for <Style>: default for a Legend, <Layer>: VFR.VFR does not have a maxScaleDenominator for <Style>: default for a Legend, <Layer>: DSM.DSM does not have a minScaleDenominator for <Style>: Elevation for a Legend, <Layer>: DSM.DSM does not have a maxScaleDenominator for <Style>: Elevation for a Legend, <Layer>: DTED.DTED does not have a minScaleDenominator for <Style>: gtopo30 for a Legend, <Layer>: DTED.DTED does not have a maxScaleDenominator for <Style>: gtopo30 for a Legend, <Layer>: KCVG.KCVG does not have a minScaleDenominator for <Style>: default for a Legend, <Layer>: KCVG.KCVG does not have a maxScaleDenominator for <Style>: default for a Legend, <Layer>: KY.KY does not have a minScaleDenominator for <Style>: default for a Legend, <Layer>: KY.KY does not have a maxScaleDenominator for <Style>: default for a Legend, <Layer>: SAN_Airport.SAN_Airport does not have a minScaleDenominator for <Style>: default for a Legend, <Layer>: SAN_Airport.SAN_Airport does not have a maxScaleDenominator for <Style>: default for a Legend, <Layer>: SFO_Airport.SFO_Airport does not have a minScaleDenominator for <Style>: default for a Legend, <Layer>: SFO_Airport.SFO_Airport does not have a maxScaleDenominator for <Style>: default for a Legend, <Layer>: CubeWerx.Foundation.aerofacp_1m does not have a minScaleDenominator for <Style>: cubewerx for a Legend, <Layer>: CubeWerx.Foundation.aerofacp_1m does not have a maxScaleDenominator for <Style>: cubewerx for a Legend, <Layer>: CubeWerx.Foundation.builtupa_1m does not have a minScaleDenominator for <Style>: cubewerx for a Legend, <Layer>: CubeWerx.Foundation.builtupa_1m does not have a maxScaleDenominator for <Style>: cubewerx for a Legend, <Layer>: CubeWerx.Foundation.coastl_1m does not have a minScaleDenominator for <Style>: cubewerx for a Legend, <Layer>: CubeWerx.Foundation.coastl_1m does not have a maxScaleDenominator for <Style>: cubewerx for a Legend, <Layer>: CubeWerx.Foundation.coastl_1m does not have a minScaleDenominator for <Style>: red for a Legend, <Layer>: CubeWerx.Foundation.coastl_1m does not have a maxScaleDenominator for <Style>: red for a Legend, <Layer>: CubeWerx.Foundation.combo does not have a minScaleDenominator for <Style>: cubewerx for a Legend, <Layer>: CubeWerx.Foundation.combo does not have a maxScaleDenominator for <Style>: cubewerx for a Legend, <Layer>: CubeWerx.Foundation.depthl_1m does not have a minScaleDenominator for <Style>: cubewerx for a Legend, <Layer>: CubeWerx.Foundation.depthl_1m does not have a maxScaleDenominator for <Style>: cubewerx for a Legend, <Layer>: CubeWerx.Foundation.etopo2 does not have a minScaleDenominator for <Style>: classicShaded for a Legend, <Layer>: CubeWerx.Foundation.etopo2 does not have a maxScaleDenominator for <Style>: classicShaded for a Legend, <Layer>: CubeWerx.Foundation.GTOPO30 does not have a minScaleDenominator for <Style>: classicShaded for a Legend, <Layer>: CubeWerx.Foundation.GTOPO30 does not have a maxScaleDenominator for <Style>: classicShaded for a Legend, <Layer>: CubeWerx.Foundation.inwatera_1m does not have a minScaleDenominator for <Style>: cubewerx for a Legend, <Layer>: CubeWerx.Foundation.inwatera_1m does not have a maxScaleDenominator for <Style>: cubewerx for a Legend, <Layer>: CubeWerx.Foundation.oceansea_1m does not have a minScaleDenominator for <Style>: cubewerx for a Legend, <Layer>: CubeWerx.Foundation.oceansea_1m does not have a maxScaleDenominator for <Style>: cubewerx for a Legend, <Layer>: CubeWerx.Foundation.polbndl_1m does not have a minScaleDenominator for <Style>: cubewerx for a Legend, <Layer>: CubeWerx.Foundation.polbndl_1m does not have a maxScaleDenominator for <Style>: cubewerx for a Legend, <Layer>: CubeWerx.Foundation.railrdl_1m does not have a minScaleDenominator for <Style>: cubewerx for a Legend, <Layer>: CubeWerx.Foundation.railrdl_1m does not have a maxScaleDenominator for <Style>: cubewerx for a Legend, <Layer>: CubeWerx.Foundation.roadl_1m does not have a minScaleDenominator for <Style>: cubewerx for a Legend, <Layer>: CubeWerx.Foundation.roadl_1m does not have a maxScaleDenominator for <Style>: cubewerx for a Legend, <Layer>: CubeWerx.Foundation.treesa_1m does not have a minScaleDenominator for <Style>: cubewerx for a Legend, <Layer>: CubeWerx.Foundation.treesa_1m does not have a maxScaleDenominator for <Style>: cubewerx for a Legend, <Layer>: CubeWerx.Foundation.watrcrsl_1m does not have a minScaleDenominator for <Style>: cubewerx for a Legend, <Layer>: CubeWerx.Foundation.watrcrsl_1m does not have a maxScaleDenominator for <Style>: cubewerx for a Legend, There is no Legend for <Style>: default under <Layer>: CubeWerx.USGSTopo.USGSTopo, <Layer>: CubeWerx.ASI.ASI does not have a minScaleDenominator for <Style>: default for a Legend, <Layer>: CubeWerx.ASI.ASI does not have a maxScaleDenominator for <Style>: default for a Legend, <Layer>: CubeWerx.ASI.ASI does not have a minScaleDenominator for <Style>: CIR_4_1_2 for a Legend, <Layer>: CubeWerx.ASI.ASI does not have a maxScaleDenominator for <Style>: CIR_4_1_2 for a Legend
	at org.testng.asserts.SoftAssert.assertAll(SoftAssert.java:38)
	at nsg.wmts10.testsuite.getcapabilities.ServiceMetadataContent.wmtsCapabilitiesLayerStyleLegends(ServiceMetadataContent.java:317)
	at sun.reflect.NativeMethodAccessorImpl.invoke0(Native Method)
	at sun.reflect.NativeMethodAccessorImpl.invoke(NativeMethodAccessorImpl.java:62)
	at sun.reflect.DelegatingMethodAccessorImpl.invoke(DelegatingMethodAccessorImpl.java:43)
	at java.lang.reflect.Method.invoke(Method.java:498)
	at org.testng.internal.MethodInvocationHelper.invokeMethod(MethodInvocationHelper.java:84)
	at org.testng.internal.Invoker.invokeMethod(Invoker.java:714)
	at org.testng.internal.Invoker.invokeTestMethod(Invoker.java:901)
	at org.testng.internal.Invoker.invokeTestMethods(Invoker.java:1231)
	at org.testng.internal.TestMethodWorker.invokeTestMethods(TestMethodWorker.java:127)
	at org.testng.internal.TestMethodWorker.run(TestMethodWorker.java:111)
	at org.testng.TestRunner.privateRun(TestRunner.java:767)
	at org.testng.TestRunner.run(TestRunner.java:617)
	at org.testng.SuiteRunner.runTest(SuiteRunner.java:348)
	at org.testng.SuiteRunner.runSequentially(SuiteRunner.java:343)
	at org.testng.SuiteRunner.privateRun(SuiteRunner.java:305)
	at org.testng.SuiteRunner.run(SuiteRunner.java:254)
	at org.testng.SuiteRunnerWorker.runSuite(SuiteRunnerWorker.java:52)
	at org.testng.SuiteRunnerWorker.run(SuiteRunnerWorker.java:86)
	at org.testng.TestNG.runSuitesSequentially(TestNG.java:1224)
	at org.testng.TestNG.runSuitesLocally(TestNG.java:1149)
	at org.testng.TestNG.run(TestNG.java:1057)
	at org.testng.remote.AbstractRemoteTestNG.run(AbstractRemoteTestNG.java:132)
	at org.testng.remote.RemoteTestNG.initAndRun(RemoteTestNG.java:230)
	at org.testng.remote.RemoteTestNG.main(RemoteTestNG.java:76)
]]>
    </error>
  </testcase> <!-- wmtsCapabilitiesLayerStyleLegends -->
  <testcase name="wmtsCapabilitiesNASkeywords_LayerDimension" time="0.000" classname="nsg.wmts10.testsuite.getcapabilities.ServiceMetadataContent">
    <failure type="org.testng.SkipException" message="There is no &lt;Keywords&gt; Element to compare under Dimension Data Structure">
      <![CDATA[org.testng.SkipException: There is no <Keywords> Element to compare under Dimension Data Structure
	at nsg.wmts10.testsuite.getcapabilities.GetCapabilitiesKeywordTest.verifyNASkeywords(GetCapabilitiesKeywordTest.java:79)
	at nsg.wmts10.testsuite.getcapabilities.ServiceMetadataContent.wmtsCapabilitiesNASkeywords_LayerDimension(ServiceMetadataContent.java:160)
	at sun.reflect.NativeMethodAccessorImpl.invoke0(Native Method)
	at sun.reflect.NativeMethodAccessorImpl.invoke(NativeMethodAccessorImpl.java:62)
	at sun.reflect.DelegatingMethodAccessorImpl.invoke(DelegatingMethodAccessorImpl.java:43)
	at java.lang.reflect.Method.invoke(Method.java:498)
	at org.testng.internal.MethodInvocationHelper.invokeMethod(MethodInvocationHelper.java:84)
	at org.testng.internal.Invoker.invokeMethod(Invoker.java:714)
	at org.testng.internal.Invoker.invokeTestMethod(Invoker.java:901)
	at org.testng.internal.Invoker.invokeTestMethods(Invoker.java:1231)
	at org.testng.internal.TestMethodWorker.invokeTestMethods(TestMethodWorker.java:127)
	at org.testng.internal.TestMethodWorker.run(TestMethodWorker.java:111)
	at org.testng.TestRunner.privateRun(TestRunner.java:767)
	at org.testng.TestRunner.run(TestRunner.java:617)
	at org.testng.SuiteRunner.runTest(SuiteRunner.java:348)
	at org.testng.SuiteRunner.runSequentially(SuiteRunner.java:343)
	at org.testng.SuiteRunner.privateRun(SuiteRunner.java:305)
	at org.testng.SuiteRunner.run(SuiteRunner.java:254)
	at org.testng.SuiteRunnerWorker.runSuite(SuiteRunnerWorker.java:52)
	at org.testng.SuiteRunnerWorker.run(SuiteRunnerWorker.java:86)
	at org.testng.TestNG.runSuitesSequentially(TestNG.java:1224)
	at org.testng.TestNG.runSuitesLocally(TestNG.java:1149)
	at org.testng.TestNG.run(TestNG.java:1057)
	at org.testng.remote.AbstractRemoteTestNG.run(AbstractRemoteTestNG.java:132)
	at org.testng.remote.RemoteTestNG.initAndRun(RemoteTestNG.java:230)
	at org.testng.remote.RemoteTestNG.main(RemoteTestNG.java:76)
]]>
    </failure>
  </testcase> <!-- wmtsCapabilitiesNASkeywords_LayerDimension -->
  <testcase name="wmtsCapabilitiesNASkeywords_LayerStyle" time="0.016" classname="nsg.wmts10.testsuite.getcapabilities.ServiceMetadataContent">
    <failure type="org.testng.SkipException" message="There is no &lt;Keywords&gt; Element to compare under Style Data Structure">
      <![CDATA[org.testng.SkipException: There is no <Keywords> Element to compare under Style Data Structure
	at nsg.wmts10.testsuite.getcapabilities.GetCapabilitiesKeywordTest.verifyNASkeywords(GetCapabilitiesKeywordTest.java:79)
	at nsg.wmts10.testsuite.getcapabilities.ServiceMetadataContent.wmtsCapabilitiesNASkeywords_LayerStyle(ServiceMetadataContent.java:151)
	at sun.reflect.NativeMethodAccessorImpl.invoke0(Native Method)
	at sun.reflect.NativeMethodAccessorImpl.invoke(NativeMethodAccessorImpl.java:62)
	at sun.reflect.DelegatingMethodAccessorImpl.invoke(DelegatingMethodAccessorImpl.java:43)
	at java.lang.reflect.Method.invoke(Method.java:498)
	at org.testng.internal.MethodInvocationHelper.invokeMethod(MethodInvocationHelper.java:84)
	at org.testng.internal.Invoker.invokeMethod(Invoker.java:714)
	at org.testng.internal.Invoker.invokeTestMethod(Invoker.java:901)
	at org.testng.internal.Invoker.invokeTestMethods(Invoker.java:1231)
	at org.testng.internal.TestMethodWorker.invokeTestMethods(TestMethodWorker.java:127)
	at org.testng.internal.TestMethodWorker.run(TestMethodWorker.java:111)
	at org.testng.TestRunner.privateRun(TestRunner.java:767)
	at org.testng.TestRunner.run(TestRunner.java:617)
	at org.testng.SuiteRunner.runTest(SuiteRunner.java:348)
	at org.testng.SuiteRunner.runSequentially(SuiteRunner.java:343)
	at org.testng.SuiteRunner.privateRun(SuiteRunner.java:305)
	at org.testng.SuiteRunner.run(SuiteRunner.java:254)
	at org.testng.SuiteRunnerWorker.runSuite(SuiteRunnerWorker.java:52)
	at org.testng.SuiteRunnerWorker.run(SuiteRunnerWorker.java:86)
	at org.testng.TestNG.runSuitesSequentially(TestNG.java:1224)
	at org.testng.TestNG.runSuitesLocally(TestNG.java:1149)
	at org.testng.TestNG.run(TestNG.java:1057)
	at org.testng.remote.AbstractRemoteTestNG.run(AbstractRemoteTestNG.java:132)
	at org.testng.remote.RemoteTestNG.initAndRun(RemoteTestNG.java:230)
	at org.testng.remote.RemoteTestNG.main(RemoteTestNG.java:76)
]]>
    </failure>
  </testcase> <!-- wmtsCapabilitiesNASkeywords_LayerStyle -->
  <testcase name="wmtsCapabilitiesLayerStyles" time="0.157" classname="nsg.wmts10.testsuite.getcapabilities.ServiceMetadataContent"/>
  <testcase name="wmtsCapabilitiesExists" time="0.063" classname="nsg.wmts10.testsuite.getcapabilities.ServiceMetadataContent"/>
  <testcase name="wmtsCapabilitiesOperationsMetadataExists" time="0.031" classname="nsg.wmts10.testsuite.getcapabilities.ServiceMetadataContent"/>
  <testcase name="wmtsCapabilitiesAbstract" time="0.015" classname="nsg.wmts10.testsuite.getcapabilities.ServiceMetadataContent">
    <error type="java.lang.AssertionError" message="The &lt;Abstract&gt; statement (OGC-compliant web map tiling server (WMTS) by Harris Inc.) should be:  This service implements the NSG WMTS 1.0.0 profile version 1.0. expected [true] but found [false]">
      <![CDATA[java.lang.AssertionError: The <Abstract> statement (OGC-compliant web map tiling server (WMTS) by Harris Inc.) should be:  This service implements the NSG WMTS 1.0.0 profile version 1.0. expected [true] but found [false]
	at org.testng.Assert.fail(Assert.java:94)
	at org.testng.Assert.failNotEquals(Assert.java:494)
	at org.testng.Assert.assertTrue(Assert.java:42)
	at nsg.wmts10.testsuite.getcapabilities.ServiceMetadataContent.wmtsCapabilitiesAbstract(ServiceMetadataContent.java:123)
	at sun.reflect.NativeMethodAccessorImpl.invoke0(Native Method)
	at sun.reflect.NativeMethodAccessorImpl.invoke(NativeMethodAccessorImpl.java:62)
	at sun.reflect.DelegatingMethodAccessorImpl.invoke(DelegatingMethodAccessorImpl.java:43)
	at java.lang.reflect.Method.invoke(Method.java:498)
	at org.testng.internal.MethodInvocationHelper.invokeMethod(MethodInvocationHelper.java:84)
	at org.testng.internal.Invoker.invokeMethod(Invoker.java:714)
	at org.testng.internal.Invoker.invokeTestMethod(Invoker.java:901)
	at org.testng.internal.Invoker.invokeTestMethods(Invoker.java:1231)
	at org.testng.internal.TestMethodWorker.invokeTestMethods(TestMethodWorker.java:127)
	at org.testng.internal.TestMethodWorker.run(TestMethodWorker.java:111)
	at org.testng.TestRunner.privateRun(TestRunner.java:767)
	at org.testng.TestRunner.run(TestRunner.java:617)
	at org.testng.SuiteRunner.runTest(SuiteRunner.java:348)
	at org.testng.SuiteRunner.runSequentially(SuiteRunner.java:343)
	at org.testng.SuiteRunner.privateRun(SuiteRunner.java:305)
	at org.testng.SuiteRunner.run(SuiteRunner.java:254)
	at org.testng.SuiteRunnerWorker.runSuite(SuiteRunnerWorker.java:52)
	at org.testng.SuiteRunnerWorker.run(SuiteRunnerWorker.java:86)
	at org.testng.TestNG.runSuitesSequentially(TestNG.java:1224)
	at org.testng.TestNG.runSuitesLocally(TestNG.java:1149)
	at org.testng.TestNG.run(TestNG.java:1057)
	at org.testng.remote.AbstractRemoteTestNG.run(AbstractRemoteTestNG.java:132)
	at org.testng.remote.RemoteTestNG.initAndRun(RemoteTestNG.java:230)
	at org.testng.remote.RemoteTestNG.main(RemoteTestNG.java:76)
]]>
    </error>
  </testcase> <!-- wmtsCapabilitiesAbstract -->
  <testcase name="wmtsCapabilitiesDataURL" time="0.000" classname="nsg.wmts10.testsuite.getcapabilities.ServiceMetadataContent">
    <failure type="org.testng.SkipException" message="WMTS ServiceMetadata Capabilities does not currently include DataURLs">
      <![CDATA[org.testng.SkipException: WMTS ServiceMetadata Capabilities does not currently include DataURLs
	at nsg.wmts10.testsuite.getcapabilities.ServiceMetadataContent.wmtsCapabilitiesDataURL(ServiceMetadataContent.java:447)
	at sun.reflect.NativeMethodAccessorImpl.invoke0(Native Method)
	at sun.reflect.NativeMethodAccessorImpl.invoke(NativeMethodAccessorImpl.java:62)
	at sun.reflect.DelegatingMethodAccessorImpl.invoke(DelegatingMethodAccessorImpl.java:43)
	at java.lang.reflect.Method.invoke(Method.java:498)
	at org.testng.internal.MethodInvocationHelper.invokeMethod(MethodInvocationHelper.java:84)
	at org.testng.internal.Invoker.invokeMethod(Invoker.java:714)
	at org.testng.internal.Invoker.invokeTestMethod(Invoker.java:901)
	at org.testng.internal.Invoker.invokeTestMethods(Invoker.java:1231)
	at org.testng.internal.TestMethodWorker.invokeTestMethods(TestMethodWorker.java:127)
	at org.testng.internal.TestMethodWorker.run(TestMethodWorker.java:111)
	at org.testng.TestRunner.privateRun(TestRunner.java:767)
	at org.testng.TestRunner.run(TestRunner.java:617)
	at org.testng.SuiteRunner.runTest(SuiteRunner.java:348)
	at org.testng.SuiteRunner.runSequentially(SuiteRunner.java:343)
	at org.testng.SuiteRunner.privateRun(SuiteRunner.java:305)
	at org.testng.SuiteRunner.run(SuiteRunner.java:254)
	at org.testng.SuiteRunnerWorker.runSuite(SuiteRunnerWorker.java:52)
	at org.testng.SuiteRunnerWorker.run(SuiteRunnerWorker.java:86)
	at org.testng.TestNG.runSuitesSequentially(TestNG.java:1224)
	at org.testng.TestNG.runSuitesLocally(TestNG.java:1149)
	at org.testng.TestNG.run(TestNG.java:1057)
	at org.testng.remote.AbstractRemoteTestNG.run(AbstractRemoteTestNG.java:132)
	at org.testng.remote.RemoteTestNG.initAndRun(RemoteTestNG.java:230)
	at org.testng.remote.RemoteTestNG.main(RemoteTestNG.java:76)
]]>
    </failure>
  </testcase> <!-- wmtsCapabilitiesDataURL -->
  <testcase name="wmtsCapabilitiesServiceProviderExists" time="0.047" classname="nsg.wmts10.testsuite.getcapabilities.ServiceMetadataContent"/>
  <testcase name="wmtsCapabilitiesAccessConstraints" time="0.031" classname="nsg.wmts10.testsuite.getcapabilities.ServiceMetadataContent">
    <error type="java.lang.AssertionError" message="Unexpected result evaluating XPath expression with context node #document: //ows:ServiceIdentification//ows:AccessConstraints expected [true] but found [false]">
      <![CDATA[java.lang.AssertionError: Unexpected result evaluating XPath expression with context node #document: //ows:ServiceIdentification//ows:AccessConstraints expected [true] but found [false]
	at org.testng.Assert.fail(Assert.java:94)
	at org.testng.Assert.failNotEquals(Assert.java:494)
	at org.testng.Assert.assertTrue(Assert.java:42)
	at de.latlon.ets.core.assertion.ETSAssert.assertXPath(ETSAssert.java:86)
	at nsg.wmts10.testsuite.getcapabilities.ServiceMetadataContent.wmtsCapabilitiesAccessConstraints(ServiceMetadataContent.java:104)
	at sun.reflect.NativeMethodAccessorImpl.invoke0(Native Method)
	at sun.reflect.NativeMethodAccessorImpl.invoke(NativeMethodAccessorImpl.java:62)
	at sun.reflect.DelegatingMethodAccessorImpl.invoke(DelegatingMethodAccessorImpl.java:43)
	at java.lang.reflect.Method.invoke(Method.java:498)
	at org.testng.internal.MethodInvocationHelper.invokeMethod(MethodInvocationHelper.java:84)
	at org.testng.internal.Invoker.invokeMethod(Invoker.java:714)
	at org.testng.internal.Invoker.invokeTestMethod(Invoker.java:901)
	at org.testng.internal.Invoker.invokeTestMethods(Invoker.java:1231)
	at org.testng.internal.TestMethodWorker.invokeTestMethods(TestMethodWorker.java:127)
	at org.testng.internal.TestMethodWorker.run(TestMethodWorker.java:111)
	at org.testng.TestRunner.privateRun(TestRunner.java:767)
	at org.testng.TestRunner.run(TestRunner.java:617)
	at org.testng.SuiteRunner.runTest(SuiteRunner.java:348)
	at org.testng.SuiteRunner.runSequentially(SuiteRunner.java:343)
	at org.testng.SuiteRunner.privateRun(SuiteRunner.java:305)
	at org.testng.SuiteRunner.run(SuiteRunner.java:254)
	at org.testng.SuiteRunnerWorker.runSuite(SuiteRunnerWorker.java:52)
	at org.testng.SuiteRunnerWorker.run(SuiteRunnerWorker.java:86)
	at org.testng.TestNG.runSuitesSequentially(TestNG.java:1224)
	at org.testng.TestNG.runSuitesLocally(TestNG.java:1149)
	at org.testng.TestNG.run(TestNG.java:1057)
	at org.testng.remote.AbstractRemoteTestNG.run(AbstractRemoteTestNG.java:132)
	at org.testng.remote.RemoteTestNG.initAndRun(RemoteTestNG.java:230)
	at org.testng.remote.RemoteTestNG.main(RemoteTestNG.java:76)
]]>
    </error>
  </testcase> <!-- wmtsCapabilitiesAccessConstraints -->
  <testcase name="wmtsCapabilitiesNASkeywords_TileMatrix" time="0.015" classname="nsg.wmts10.testsuite.getcapabilities.ServiceMetadataContent">
    <failure type="org.testng.SkipException" message="There is no &lt;Keywords&gt; Element to compare under TileMatrix Data Structure">
      <![CDATA[org.testng.SkipException: There is no <Keywords> Element to compare under TileMatrix Data Structure
	at nsg.wmts10.testsuite.getcapabilities.GetCapabilitiesKeywordTest.verifyNASkeywords(GetCapabilitiesKeywordTest.java:79)
	at nsg.wmts10.testsuite.getcapabilities.ServiceMetadataContent.wmtsCapabilitiesNASkeywords_TileMatrix(ServiceMetadataContent.java:178)
	at sun.reflect.NativeMethodAccessorImpl.invoke0(Native Method)
	at sun.reflect.NativeMethodAccessorImpl.invoke(NativeMethodAccessorImpl.java:62)
	at sun.reflect.DelegatingMethodAccessorImpl.invoke(DelegatingMethodAccessorImpl.java:43)
	at java.lang.reflect.Method.invoke(Method.java:498)
	at org.testng.internal.MethodInvocationHelper.invokeMethod(MethodInvocationHelper.java:84)
	at org.testng.internal.Invoker.invokeMethod(Invoker.java:714)
	at org.testng.internal.Invoker.invokeTestMethod(Invoker.java:901)
	at org.testng.internal.Invoker.invokeTestMethods(Invoker.java:1231)
	at org.testng.internal.TestMethodWorker.invokeTestMethods(TestMethodWorker.java:127)
	at org.testng.internal.TestMethodWorker.run(TestMethodWorker.java:111)
	at org.testng.TestRunner.privateRun(TestRunner.java:767)
	at org.testng.TestRunner.run(TestRunner.java:617)
	at org.testng.SuiteRunner.runTest(SuiteRunner.java:348)
	at org.testng.SuiteRunner.runSequentially(SuiteRunner.java:343)
	at org.testng.SuiteRunner.privateRun(SuiteRunner.java:305)
	at org.testng.SuiteRunner.run(SuiteRunner.java:254)
	at org.testng.SuiteRunnerWorker.runSuite(SuiteRunnerWorker.java:52)
	at org.testng.SuiteRunnerWorker.run(SuiteRunnerWorker.java:86)
	at org.testng.TestNG.runSuitesSequentially(TestNG.java:1224)
	at org.testng.TestNG.runSuitesLocally(TestNG.java:1149)
	at org.testng.TestNG.run(TestNG.java:1057)
	at org.testng.remote.AbstractRemoteTestNG.run(AbstractRemoteTestNG.java:132)
	at org.testng.remote.RemoteTestNG.initAndRun(RemoteTestNG.java:230)
	at org.testng.remote.RemoteTestNG.main(RemoteTestNG.java:76)
]]>
    </failure>
  </testcase> <!-- wmtsCapabilitiesNASkeywords_TileMatrix -->
  <testcase name="wmtsCapabilitiesFeatureListURL" time="0.000" classname="nsg.wmts10.testsuite.getcapabilities.ServiceMetadataContent">
    <failure type="org.testng.SkipException" message="WMTS ServiceMetadata Capabilities does not currently include FeatureListURLs">
      <![CDATA[org.testng.SkipException: WMTS ServiceMetadata Capabilities does not currently include FeatureListURLs
	at nsg.wmts10.testsuite.getcapabilities.ServiceMetadataContent.wmtsCapabilitiesFeatureListURL(ServiceMetadataContent.java:435)
	at sun.reflect.NativeMethodAccessorImpl.invoke0(Native Method)
	at sun.reflect.NativeMethodAccessorImpl.invoke(NativeMethodAccessorImpl.java:62)
	at sun.reflect.DelegatingMethodAccessorImpl.invoke(DelegatingMethodAccessorImpl.java:43)
	at java.lang.reflect.Method.invoke(Method.java:498)
	at org.testng.internal.MethodInvocationHelper.invokeMethod(MethodInvocationHelper.java:84)
	at org.testng.internal.Invoker.invokeMethod(Invoker.java:714)
	at org.testng.internal.Invoker.invokeTestMethod(Invoker.java:901)
	at org.testng.internal.Invoker.invokeTestMethods(Invoker.java:1231)
	at org.testng.internal.TestMethodWorker.invokeTestMethods(TestMethodWorker.java:127)
	at org.testng.internal.TestMethodWorker.run(TestMethodWorker.java:111)
	at org.testng.TestRunner.privateRun(TestRunner.java:767)
	at org.testng.TestRunner.run(TestRunner.java:617)
	at org.testng.SuiteRunner.runTest(SuiteRunner.java:348)
	at org.testng.SuiteRunner.runSequentially(SuiteRunner.java:343)
	at org.testng.SuiteRunner.privateRun(SuiteRunner.java:305)
	at org.testng.SuiteRunner.run(SuiteRunner.java:254)
	at org.testng.SuiteRunnerWorker.runSuite(SuiteRunnerWorker.java:52)
	at org.testng.SuiteRunnerWorker.run(SuiteRunnerWorker.java:86)
	at org.testng.TestNG.runSuitesSequentially(TestNG.java:1224)
	at org.testng.TestNG.runSuitesLocally(TestNG.java:1149)
	at org.testng.TestNG.run(TestNG.java:1057)
	at org.testng.remote.AbstractRemoteTestNG.run(AbstractRemoteTestNG.java:132)
	at org.testng.remote.RemoteTestNG.initAndRun(RemoteTestNG.java:230)
	at org.testng.remote.RemoteTestNG.main(RemoteTestNG.java:76)
]]>
    </failure>
  </testcase> <!-- wmtsCapabilitiesFeatureListURL -->
  <testcase name="wmtsCapabilitiesNASkeywords_Theme" time="0.016" classname="nsg.wmts10.testsuite.getcapabilities.ServiceMetadataContent">
    <failure type="org.testng.SkipException" message="There is no &lt;Keywords&gt; Element to compare under Theme Data Structure">
      <![CDATA[org.testng.SkipException: There is no <Keywords> Element to compare under Theme Data Structure
	at nsg.wmts10.testsuite.getcapabilities.GetCapabilitiesKeywordTest.verifyNASkeywords(GetCapabilitiesKeywordTest.java:79)
	at nsg.wmts10.testsuite.getcapabilities.ServiceMetadataContent.wmtsCapabilitiesNASkeywords_Theme(ServiceMetadataContent.java:187)
	at sun.reflect.NativeMethodAccessorImpl.invoke0(Native Method)
	at sun.reflect.NativeMethodAccessorImpl.invoke(NativeMethodAccessorImpl.java:62)
	at sun.reflect.DelegatingMethodAccessorImpl.invoke(DelegatingMethodAccessorImpl.java:43)
	at java.lang.reflect.Method.invoke(Method.java:498)
	at org.testng.internal.MethodInvocationHelper.invokeMethod(MethodInvocationHelper.java:84)
	at org.testng.internal.Invoker.invokeMethod(Invoker.java:714)
	at org.testng.internal.Invoker.invokeTestMethod(Invoker.java:901)
	at org.testng.internal.Invoker.invokeTestMethods(Invoker.java:1231)
	at org.testng.internal.TestMethodWorker.invokeTestMethods(TestMethodWorker.java:127)
	at org.testng.internal.TestMethodWorker.run(TestMethodWorker.java:111)
	at org.testng.TestRunner.privateRun(TestRunner.java:767)
	at org.testng.TestRunner.run(TestRunner.java:617)
	at org.testng.SuiteRunner.runTest(SuiteRunner.java:348)
	at org.testng.SuiteRunner.runSequentially(SuiteRunner.java:343)
	at org.testng.SuiteRunner.privateRun(SuiteRunner.java:305)
	at org.testng.SuiteRunner.run(SuiteRunner.java:254)
	at org.testng.SuiteRunnerWorker.runSuite(SuiteRunnerWorker.java:52)
	at org.testng.SuiteRunnerWorker.run(SuiteRunnerWorker.java:86)
	at org.testng.TestNG.runSuitesSequentially(TestNG.java:1224)
	at org.testng.TestNG.runSuitesLocally(TestNG.java:1149)
	at org.testng.TestNG.run(TestNG.java:1057)
	at org.testng.remote.AbstractRemoteTestNG.run(AbstractRemoteTestNG.java:132)
	at org.testng.remote.RemoteTestNG.initAndRun(RemoteTestNG.java:230)
	at org.testng.remote.RemoteTestNG.main(RemoteTestNG.java:76)
]]>
    </failure>
  </testcase> <!-- wmtsCapabilitiesNASkeywords_Theme -->
  <testcase name="wmtsCapabilitiesNASkeywords_TileMatrixSet" time="0.000" classname="nsg.wmts10.testsuite.getcapabilities.ServiceMetadataContent">
    <failure type="org.testng.SkipException" message="There is no &lt;Keywords&gt; Element to compare under TileMatrixSet Data Structure">
      <![CDATA[org.testng.SkipException: There is no <Keywords> Element to compare under TileMatrixSet Data Structure
	at nsg.wmts10.testsuite.getcapabilities.GetCapabilitiesKeywordTest.verifyNASkeywords(GetCapabilitiesKeywordTest.java:79)
	at nsg.wmts10.testsuite.getcapabilities.ServiceMetadataContent.wmtsCapabilitiesNASkeywords_TileMatrixSet(ServiceMetadataContent.java:169)
	at sun.reflect.NativeMethodAccessorImpl.invoke0(Native Method)
	at sun.reflect.NativeMethodAccessorImpl.invoke(NativeMethodAccessorImpl.java:62)
	at sun.reflect.DelegatingMethodAccessorImpl.invoke(DelegatingMethodAccessorImpl.java:43)
	at java.lang.reflect.Method.invoke(Method.java:498)
	at org.testng.internal.MethodInvocationHelper.invokeMethod(MethodInvocationHelper.java:84)
	at org.testng.internal.Invoker.invokeMethod(Invoker.java:714)
	at org.testng.internal.Invoker.invokeTestMethod(Invoker.java:901)
	at org.testng.internal.Invoker.invokeTestMethods(Invoker.java:1231)
	at org.testng.internal.TestMethodWorker.invokeTestMethods(TestMethodWorker.java:127)
	at org.testng.internal.TestMethodWorker.run(TestMethodWorker.java:111)
	at org.testng.TestRunner.privateRun(TestRunner.java:767)
	at org.testng.TestRunner.run(TestRunner.java:617)
	at org.testng.SuiteRunner.runTest(SuiteRunner.java:348)
	at org.testng.SuiteRunner.runSequentially(SuiteRunner.java:343)
	at org.testng.SuiteRunner.privateRun(SuiteRunner.java:305)
	at org.testng.SuiteRunner.run(SuiteRunner.java:254)
	at org.testng.SuiteRunnerWorker.runSuite(SuiteRunnerWorker.java:52)
	at org.testng.SuiteRunnerWorker.run(SuiteRunnerWorker.java:86)
	at org.testng.TestNG.runSuitesSequentially(TestNG.java:1224)
	at org.testng.TestNG.runSuitesLocally(TestNG.java:1149)
	at org.testng.TestNG.run(TestNG.java:1057)
	at org.testng.remote.AbstractRemoteTestNG.run(AbstractRemoteTestNG.java:132)
	at org.testng.remote.RemoteTestNG.initAndRun(RemoteTestNG.java:230)
	at org.testng.remote.RemoteTestNG.main(RemoteTestNG.java:76)
]]>
    </failure>
  </testcase> <!-- wmtsCapabilitiesNASkeywords_TileMatrixSet -->
  <testcase name="wmtsCapabilitiesLayerDimension" time="0.172" classname="nsg.wmts10.testsuite.getcapabilities.ServiceMetadataContent">
    <failure type="org.testng.SkipException" message="There are no &lt;Dimension&gt; elements within any of the defined &lt;Layer&gt; elements.">
      <![CDATA[org.testng.SkipException: There are no <Dimension> elements within any of the defined <Layer> elements.
	at nsg.wmts10.testsuite.getcapabilities.ServiceMetadataContent.wmtsCapabilitiesLayerDimension(ServiceMetadataContent.java:379)
	at sun.reflect.NativeMethodAccessorImpl.invoke0(Native Method)
	at sun.reflect.NativeMethodAccessorImpl.invoke(NativeMethodAccessorImpl.java:62)
	at sun.reflect.DelegatingMethodAccessorImpl.invoke(DelegatingMethodAccessorImpl.java:43)
	at java.lang.reflect.Method.invoke(Method.java:498)
	at org.testng.internal.MethodInvocationHelper.invokeMethod(MethodInvocationHelper.java:84)
	at org.testng.internal.Invoker.invokeMethod(Invoker.java:714)
	at org.testng.internal.Invoker.invokeTestMethod(Invoker.java:901)
	at org.testng.internal.Invoker.invokeTestMethods(Invoker.java:1231)
	at org.testng.internal.TestMethodWorker.invokeTestMethods(TestMethodWorker.java:127)
	at org.testng.internal.TestMethodWorker.run(TestMethodWorker.java:111)
	at org.testng.TestRunner.privateRun(TestRunner.java:767)
	at org.testng.TestRunner.run(TestRunner.java:617)
	at org.testng.SuiteRunner.runTest(SuiteRunner.java:348)
	at org.testng.SuiteRunner.runSequentially(SuiteRunner.java:343)
	at org.testng.SuiteRunner.privateRun(SuiteRunner.java:305)
	at org.testng.SuiteRunner.run(SuiteRunner.java:254)
	at org.testng.SuiteRunnerWorker.runSuite(SuiteRunnerWorker.java:52)
	at org.testng.SuiteRunnerWorker.run(SuiteRunnerWorker.java:86)
	at org.testng.TestNG.runSuitesSequentially(TestNG.java:1224)
	at org.testng.TestNG.runSuitesLocally(TestNG.java:1149)
	at org.testng.TestNG.run(TestNG.java:1057)
	at org.testng.remote.AbstractRemoteTestNG.run(AbstractRemoteTestNG.java:132)
	at org.testng.remote.RemoteTestNG.initAndRun(RemoteTestNG.java:230)
	at org.testng.remote.RemoteTestNG.main(RemoteTestNG.java:76)
]]>
    </failure>
  </testcase> <!-- wmtsCapabilitiesLayerDimension -->
  <testcase name="wmtsCapabilitiesContentsExists" time="0.032" classname="nsg.wmts10.testsuite.getcapabilities.ServiceMetadataContent"/>
  <testcase name="wmtsCapabilitiesNASkeywords" time="0.016" classname="nsg.wmts10.testsuite.getcapabilities.ServiceMetadataContent">
    <failure type="org.testng.SkipException" message="There is no &lt;Keywords&gt; Element to compare under WMTS ServiceMetadata Capabilities docuemnt">
      <![CDATA[org.testng.SkipException: There is no <Keywords> Element to compare under WMTS ServiceMetadata Capabilities docuemnt
	at nsg.wmts10.testsuite.getcapabilities.GetCapabilitiesKeywordTest.verifyNASkeywords(GetCapabilitiesKeywordTest.java:79)
	at nsg.wmts10.testsuite.getcapabilities.ServiceMetadataContent.wmtsCapabilitiesNASkeywords(ServiceMetadataContent.java:133)
	at sun.reflect.NativeMethodAccessorImpl.invoke0(Native Method)
	at sun.reflect.NativeMethodAccessorImpl.invoke(NativeMethodAccessorImpl.java:62)
	at sun.reflect.DelegatingMethodAccessorImpl.invoke(DelegatingMethodAccessorImpl.java:43)
	at java.lang.reflect.Method.invoke(Method.java:498)
	at org.testng.internal.MethodInvocationHelper.invokeMethod(MethodInvocationHelper.java:84)
	at org.testng.internal.Invoker.invokeMethod(Invoker.java:714)
	at org.testng.internal.Invoker.invokeTestMethod(Invoker.java:901)
	at org.testng.internal.Invoker.invokeTestMethods(Invoker.java:1231)
	at org.testng.internal.TestMethodWorker.invokeTestMethods(TestMethodWorker.java:127)
	at org.testng.internal.TestMethodWorker.run(TestMethodWorker.java:111)
	at org.testng.TestRunner.privateRun(TestRunner.java:767)
	at org.testng.TestRunner.run(TestRunner.java:617)
	at org.testng.SuiteRunner.runTest(SuiteRunner.java:348)
	at org.testng.SuiteRunner.runSequentially(SuiteRunner.java:343)
	at org.testng.SuiteRunner.privateRun(SuiteRunner.java:305)
	at org.testng.SuiteRunner.run(SuiteRunner.java:254)
	at org.testng.SuiteRunnerWorker.runSuite(SuiteRunnerWorker.java:52)
	at org.testng.SuiteRunnerWorker.run(SuiteRunnerWorker.java:86)
	at org.testng.TestNG.runSuitesSequentially(TestNG.java:1224)
	at org.testng.TestNG.runSuitesLocally(TestNG.java:1149)
	at org.testng.TestNG.run(TestNG.java:1057)
	at org.testng.remote.AbstractRemoteTestNG.run(AbstractRemoteTestNG.java:132)
	at org.testng.remote.RemoteTestNG.initAndRun(RemoteTestNG.java:230)
	at org.testng.remote.RemoteTestNG.main(RemoteTestNG.java:76)
]]>
    </failure>
  </testcase> <!-- wmtsCapabilitiesNASkeywords -->
  <testcase name="verifyGetCapabilitiesSupported" time="0.000" classname="nsg.wmts10.testsuite.getcapabilities.ServiceMetadataContent"/>
  <testcase name="wmtsCapabilitiesLayerInfoFormat" time="0.375" classname="nsg.wmts10.testsuite.getcapabilities.ServiceMetadataContent">
    <error type="java.lang.AssertionError" message="The following asserts failed:
There are no &lt;InfoFormat&gt; elements for &lt;Layer&gt;:  CubeWerx.USGSTopo.USGSTopo">
      <![CDATA[java.lang.AssertionError: The following asserts failed:
There are no <InfoFormat> elements for <Layer>:  CubeWerx.USGSTopo.USGSTopo
	at org.testng.asserts.SoftAssert.assertAll(SoftAssert.java:38)
	at nsg.wmts10.testsuite.getcapabilities.ServiceMetadataContent.wmtsCapabilitiesLayerInfoFormat(ServiceMetadataContent.java:423)
	at sun.reflect.NativeMethodAccessorImpl.invoke0(Native Method)
	at sun.reflect.NativeMethodAccessorImpl.invoke(NativeMethodAccessorImpl.java:62)
	at sun.reflect.DelegatingMethodAccessorImpl.invoke(DelegatingMethodAccessorImpl.java:43)
	at java.lang.reflect.Method.invoke(Method.java:498)
	at org.testng.internal.MethodInvocationHelper.invokeMethod(MethodInvocationHelper.java:84)
	at org.testng.internal.Invoker.invokeMethod(Invoker.java:714)
	at org.testng.internal.Invoker.invokeTestMethod(Invoker.java:901)
	at org.testng.internal.Invoker.invokeTestMethods(Invoker.java:1231)
	at org.testng.internal.TestMethodWorker.invokeTestMethods(TestMethodWorker.java:127)
	at org.testng.internal.TestMethodWorker.run(TestMethodWorker.java:111)
	at org.testng.TestRunner.privateRun(TestRunner.java:767)
	at org.testng.TestRunner.run(TestRunner.java:617)
	at org.testng.SuiteRunner.runTest(SuiteRunner.java:348)
	at org.testng.SuiteRunner.runSequentially(SuiteRunner.java:343)
	at org.testng.SuiteRunner.privateRun(SuiteRunner.java:305)
	at org.testng.SuiteRunner.run(SuiteRunner.java:254)
	at org.testng.SuiteRunnerWorker.runSuite(SuiteRunnerWorker.java:52)
	at org.testng.SuiteRunnerWorker.run(SuiteRunnerWorker.java:86)
	at org.testng.TestNG.runSuitesSequentially(TestNG.java:1224)
	at org.testng.TestNG.runSuitesLocally(TestNG.java:1149)
	at org.testng.TestNG.run(TestNG.java:1057)
	at org.testng.remote.AbstractRemoteTestNG.run(AbstractRemoteTestNG.java:132)
	at org.testng.remote.RemoteTestNG.initAndRun(RemoteTestNG.java:230)
	at org.testng.remote.RemoteTestNG.main(RemoteTestNG.java:76)
]]>
    </error>
  </testcase> <!-- wmtsCapabilitiesLayerInfoFormat -->
  <testcase name="wmtsCapabilitiesNASkeywords_Layer" time="0.000" classname="nsg.wmts10.testsuite.getcapabilities.ServiceMetadataContent">
    <failure type="org.testng.SkipException" message="There is no &lt;Keywords&gt; Element to compare under Layer Data Structure">
      <![CDATA[org.testng.SkipException: There is no <Keywords> Element to compare under Layer Data Structure
	at nsg.wmts10.testsuite.getcapabilities.GetCapabilitiesKeywordTest.verifyNASkeywords(GetCapabilitiesKeywordTest.java:79)
	at nsg.wmts10.testsuite.getcapabilities.ServiceMetadataContent.wmtsCapabilitiesNASkeywords_Layer(ServiceMetadataContent.java:142)
	at sun.reflect.NativeMethodAccessorImpl.invoke0(Native Method)
	at sun.reflect.NativeMethodAccessorImpl.invoke(NativeMethodAccessorImpl.java:62)
	at sun.reflect.DelegatingMethodAccessorImpl.invoke(DelegatingMethodAccessorImpl.java:43)
	at java.lang.reflect.Method.invoke(Method.java:498)
	at org.testng.internal.MethodInvocationHelper.invokeMethod(MethodInvocationHelper.java:84)
	at org.testng.internal.Invoker.invokeMethod(Invoker.java:714)
	at org.testng.internal.Invoker.invokeTestMethod(Invoker.java:901)
	at org.testng.internal.Invoker.invokeTestMethods(Invoker.java:1231)
	at org.testng.internal.TestMethodWorker.invokeTestMethods(TestMethodWorker.java:127)
	at org.testng.internal.TestMethodWorker.run(TestMethodWorker.java:111)
	at org.testng.TestRunner.privateRun(TestRunner.java:767)
	at org.testng.TestRunner.run(TestRunner.java:617)
	at org.testng.SuiteRunner.runTest(SuiteRunner.java:348)
	at org.testng.SuiteRunner.runSequentially(SuiteRunner.java:343)
	at org.testng.SuiteRunner.privateRun(SuiteRunner.java:305)
	at org.testng.SuiteRunner.run(SuiteRunner.java:254)
	at org.testng.SuiteRunnerWorker.runSuite(SuiteRunnerWorker.java:52)
	at org.testng.SuiteRunnerWorker.run(SuiteRunnerWorker.java:86)
	at org.testng.TestNG.runSuitesSequentially(TestNG.java:1224)
	at org.testng.TestNG.runSuitesLocally(TestNG.java:1149)
	at org.testng.TestNG.run(TestNG.java:1057)
	at org.testng.remote.AbstractRemoteTestNG.run(AbstractRemoteTestNG.java:132)
	at org.testng.remote.RemoteTestNG.initAndRun(RemoteTestNG.java:230)
	at org.testng.remote.RemoteTestNG.main(RemoteTestNG.java:76)
]]>
    </failure>
  </testcase> <!-- wmtsCapabilitiesNASkeywords_Layer -->
  <testcase name="wmtsCapabilitiesServiceIdentificationExists" time="0.031" classname="nsg.wmts10.testsuite.getcapabilities.ServiceMetadataContent"/>
</testsuite> <!-- nsg.wmts10.testsuite.getcapabilities.ServiceMetadataContent -->
