<?xml version="1.0" encoding="UTF-8"?>
<!-- Generated by org.testng.reporters.JUnitReportReporter -->
<testsuite hostname="0519-EngrSvr02" name="ets.wms13.core.dgiwg.testsuite.getcapabilities.GetCapabilitiesOutputFormatTest" tests="4" failures="1" timestamp="26 Jun 2017 13:30:44 GMT" time="0.922" errors="1">
  <testcase name="wmsGetCapabilitiesOutputFormatHtmlSupported" time="0.000" classname="ets.wms13.core.dgiwg.testsuite.getcapabilities.GetCapabilitiesOutputFormatTest"/>
  <testcase name="wmsGetCapabilitiesOutputFormatXmlSupported" time="0.690" classname="ets.wms13.core.dgiwg.testsuite.getcapabilities.GetCapabilitiesOutputFormatTest"/>
  <testcase name="wmsCapabilitiesOutputFormatXmlSupported" time="0.029" classname="ets.wms13.core.dgiwg.testsuite.getcapabilities.GetCapabilitiesOutputFormatTest"/>
  <testcase name="wmsCapabilitiesOutputFormatHtmlSupported" time="0.203" classname="ets.wms13.core.dgiwg.testsuite.getcapabilities.GetCapabilitiesOutputFormatTest">
    <error type="java.lang.AssertionError" message="Unexpected result evaluating XPath expression with context node #document: //wms:WMS_Capabilities/wms:Capability/wms:Request/wms:GetCapabilities/wms:Format/text() = &#039;text/html&#039; expected [true] but found [false]">
      <![CDATA[java.lang.AssertionError: Unexpected result evaluating XPath expression with context node #document: //wms:WMS_Capabilities/wms:Capability/wms:Request/wms:GetCapabilities/wms:Format/text() = 'text/html' expected [true] but found [false]
	at org.testng.Assert.fail(Assert.java:94)
	at org.testng.Assert.failNotEquals(Assert.java:494)
	at org.testng.Assert.assertTrue(Assert.java:42)
	at de.latlon.ets.core.assertion.ETSAssert.assertXPath(ETSAssert.java:86)
	at ets.wms13.core.dgiwg.testsuite.getcapabilities.GetCapabilitiesOutputFormatTest.wmsCapabilitiesOutputFormatHtmlSupported(GetCapabilitiesOutputFormatTest.java:51)
	at sun.reflect.NativeMethodAccessorImpl.invoke0(Native Method)
	at sun.reflect.NativeMethodAccessorImpl.invoke(NativeMethodAccessorImpl.java:62)
	at sun.reflect.DelegatingMethodAccessorImpl.invoke(DelegatingMethodAccessorImpl.java:43)
	at java.lang.reflect.Method.invoke(Method.java:498)
	at org.testng.internal.MethodInvocationHelper.invokeMethod(MethodInvocationHelper.java:84)
	at org.testng.internal.Invoker.invokeMethod(Invoker.java:714)
	at org.testng.internal.Invoker.invokeTestMethod(Invoker.java:901)
	at org.testng.internal.Invoker.invokeTestMethods(Invoker.java:1231)
	at org.testng.internal.TestMethodWorker.invokeTestMethods(TestMethodWorker.java:127)
	at org.testng.internal.TestMethodWorker.run(TestMethodWorker.java:111)
	at org.testng.TestRunner.privateRun(TestRunner.java:767)
	at org.testng.TestRunner.run(TestRunner.java:617)
	at org.testng.SuiteRunner.runTest(SuiteRunner.java:348)
	at org.testng.SuiteRunner.runSequentially(SuiteRunner.java:343)
	at org.testng.SuiteRunner.privateRun(SuiteRunner.java:305)
	at org.testng.SuiteRunner.run(SuiteRunner.java:254)
	at org.testng.SuiteRunnerWorker.runSuite(SuiteRunnerWorker.java:52)
	at org.testng.SuiteRunnerWorker.run(SuiteRunnerWorker.java:86)
	at org.testng.TestNG.runSuitesSequentially(TestNG.java:1224)
	at org.testng.TestNG.runSuitesLocally(TestNG.java:1149)
	at org.testng.TestNG.run(TestNG.java:1057)
	at org.testng.remote.AbstractRemoteTestNG.run(AbstractRemoteTestNG.java:132)
	at org.testng.remote.RemoteTestNG.initAndRun(RemoteTestNG.java:230)
	at org.testng.remote.RemoteTestNG.main(RemoteTestNG.java:76)
]]>
    </error>
  </testcase> <!-- wmsCapabilitiesOutputFormatHtmlSupported -->
</testsuite> <!-- ets.wms13.core.dgiwg.testsuite.getcapabilities.GetCapabilitiesOutputFormatTest -->
