<?xml version="1.0" encoding="UTF-8"?>
<!-- Generated by org.testng.reporters.JUnitReportReporter -->
<testsuite hostname="0519-EngrSvr02" name="nsg.wmts10.testsuite.gettile.GetTileOfferings" tests="8" failures="0" timestamp="14 Jul 2017 13:14:17 GMT" time="2.418" errors="2">
  <testcase name="wmtsGetCapabilitiiesWithHTML" time="0.172" classname="nsg.wmts10.testsuite.gettile.GetTileOfferings">
    <error type="java.lang.AssertionError" message="Expected content type text/html, but received application/xml; charset=utf-8 expected [true] but found [false]">
      <![CDATA[java.lang.AssertionError: Expected content type text/html, but received application/xml; charset=utf-8 expected [true] but found [false]
	at org.testng.Assert.fail(Assert.java:94)
	at org.testng.Assert.failNotEquals(Assert.java:494)
	at org.testng.Assert.assertTrue(Assert.java:42)
	at ets.wmts10.core.assertion.WmtsAssertion.assertContentType(WmtsAssertion.java:128)
	at ets.wmts10.core.assertion.WmtsAssertion.assertContentType(WmtsAssertion.java:140)
	at nsg.wmts10.testsuite.getcapabilities.GetCapabilitiesKvpFormatTest.verifyFormatResponse(GetCapabilitiesKvpFormatTest.java:88)
	at nsg.wmts10.testsuite.getcapabilities.GetCapabilitiesKvpFormatTest.TestHTML(GetCapabilitiesKvpFormatTest.java:70)
	at nsg.wmts10.testsuite.gettile.GetTileOfferings.wmtsGetCapabilitiiesWithHTML(GetTileOfferings.java:62)
	at sun.reflect.NativeMethodAccessorImpl.invoke0(Native Method)
	at sun.reflect.NativeMethodAccessorImpl.invoke(NativeMethodAccessorImpl.java:62)
	at sun.reflect.DelegatingMethodAccessorImpl.invoke(DelegatingMethodAccessorImpl.java:43)
	at java.lang.reflect.Method.invoke(Method.java:498)
	at org.testng.internal.MethodInvocationHelper.invokeMethod(MethodInvocationHelper.java:84)
	at org.testng.internal.Invoker.invokeMethod(Invoker.java:714)
	at org.testng.internal.Invoker.invokeTestMethod(Invoker.java:901)
	at org.testng.internal.Invoker.invokeTestMethods(Invoker.java:1231)
	at org.testng.internal.TestMethodWorker.invokeTestMethods(TestMethodWorker.java:127)
	at org.testng.internal.TestMethodWorker.run(TestMethodWorker.java:111)
	at org.testng.TestRunner.privateRun(TestRunner.java:767)
	at org.testng.TestRunner.run(TestRunner.java:617)
	at org.testng.SuiteRunner.runTest(SuiteRunner.java:348)
	at org.testng.SuiteRunner.runSequentially(SuiteRunner.java:343)
	at org.testng.SuiteRunner.privateRun(SuiteRunner.java:305)
	at org.testng.SuiteRunner.run(SuiteRunner.java:254)
	at org.testng.SuiteRunnerWorker.runSuite(SuiteRunnerWorker.java:52)
	at org.testng.SuiteRunnerWorker.run(SuiteRunnerWorker.java:86)
	at org.testng.TestNG.runSuitesSequentially(TestNG.java:1224)
	at org.testng.TestNG.runSuitesLocally(TestNG.java:1149)
	at org.testng.TestNG.run(TestNG.java:1057)
	at org.testng.remote.AbstractRemoteTestNG.run(AbstractRemoteTestNG.java:132)
	at org.testng.remote.RemoteTestNG.initAndRun(RemoteTestNG.java:230)
	at org.testng.remote.RemoteTestNG.main(RemoteTestNG.java:76)
]]>
    </error>
  </testcase> <!-- wmtsGetCapabilitiiesWithHTML -->
  <testcase name="verifyGetTileSupported" time="0.016" classname="nsg.wmts10.testsuite.gettile.GetTileOfferings"/>
  <testcase name="wmtsGetTileKVPRequestsExists" time="0.001" classname="nsg.wmts10.testsuite.gettile.GetTileOfferings"/>
  <testcase name="wmtsGetTileOfferingsTestPNG" time="0.781" classname="nsg.wmts10.testsuite.gettile.GetTileOfferings"/>
  <testcase name="wmtsGetCapabilitiiesWithXML" time="0.265" classname="nsg.wmts10.testsuite.gettile.GetTileOfferings"/>
  <testcase name="wmtsGetCapabilitiiesInEnglish" time="0.000" classname="nsg.wmts10.testsuite.gettile.GetTileOfferings"/>
  <testcase name="wmtsGetTileOfferingsTestGIF" time="0.235" classname="nsg.wmts10.testsuite.gettile.GetTileOfferings">
    <error type="java.lang.AssertionError" message="Expected status code(s) [200] but received 400. expected [true] but found [false]">
      <![CDATA[java.lang.AssertionError: Expected status code(s) [200] but received 400. expected [true] but found [false]
	at org.testng.Assert.fail(Assert.java:94)
	at org.testng.Assert.failNotEquals(Assert.java:494)
	at org.testng.Assert.assertTrue(Assert.java:42)
	at ets.wmts10.core.assertion.WmtsAssertion.assertStatusCode(WmtsAssertion.java:94)
	at ets.wmts10.core.assertion.WmtsAssertion.assertStatusCode(WmtsAssertion.java:106)
	at nsg.wmts10.testsuite.gettile.GetTileOfferings.checkGetTileWithImageFormat(GetTileOfferings.java:125)
	at nsg.wmts10.testsuite.gettile.GetTileOfferings.wmtsGetTileOfferingsTestGIF(GetTileOfferings.java:103)
	at sun.reflect.NativeMethodAccessorImpl.invoke0(Native Method)
	at sun.reflect.NativeMethodAccessorImpl.invoke(NativeMethodAccessorImpl.java:62)
	at sun.reflect.DelegatingMethodAccessorImpl.invoke(DelegatingMethodAccessorImpl.java:43)
	at java.lang.reflect.Method.invoke(Method.java:498)
	at org.testng.internal.MethodInvocationHelper.invokeMethod(MethodInvocationHelper.java:84)
	at org.testng.internal.Invoker.invokeMethod(Invoker.java:714)
	at org.testng.internal.Invoker.invokeTestMethod(Invoker.java:901)
	at org.testng.internal.Invoker.invokeTestMethods(Invoker.java:1231)
	at org.testng.internal.TestMethodWorker.invokeTestMethods(TestMethodWorker.java:127)
	at org.testng.internal.TestMethodWorker.run(TestMethodWorker.java:111)
	at org.testng.TestRunner.privateRun(TestRunner.java:767)
	at org.testng.TestRunner.run(TestRunner.java:617)
	at org.testng.SuiteRunner.runTest(SuiteRunner.java:348)
	at org.testng.SuiteRunner.runSequentially(SuiteRunner.java:343)
	at org.testng.SuiteRunner.privateRun(SuiteRunner.java:305)
	at org.testng.SuiteRunner.run(SuiteRunner.java:254)
	at org.testng.SuiteRunnerWorker.runSuite(SuiteRunnerWorker.java:52)
	at org.testng.SuiteRunnerWorker.run(SuiteRunnerWorker.java:86)
	at org.testng.TestNG.runSuitesSequentially(TestNG.java:1224)
	at org.testng.TestNG.runSuitesLocally(TestNG.java:1149)
	at org.testng.TestNG.run(TestNG.java:1057)
	at org.testng.remote.AbstractRemoteTestNG.run(AbstractRemoteTestNG.java:132)
	at org.testng.remote.RemoteTestNG.initAndRun(RemoteTestNG.java:230)
	at org.testng.remote.RemoteTestNG.main(RemoteTestNG.java:76)
]]>
    </error>
  </testcase> <!-- wmtsGetTileOfferingsTestGIF -->
  <testcase name="wmtsGetTileOfferingsTestJPG" time="0.948" classname="nsg.wmts10.testsuite.gettile.GetTileOfferings"/>
</testsuite> <!-- nsg.wmts10.testsuite.gettile.GetTileOfferings -->
