<?xml version="1.0" encoding="UTF-8"?>
<!-- Generated by org.testng.reporters.JUnitReportReporter -->
<testsuite hostname="0519-EngrSvr02" name="nsg.wms13.core.dgiwg.testsuite.getcapabilities.NSG_GetCapabilitiesContentTest" tests="18" failures="8" timestamp="26 Jun 2017 13:30:44 GMT" time="0.460" errors="0">
  <testcase name="wmsCapabilitiesKeywordListExistsAndPopulated" time="0.024" classname="nsg.wms13.core.dgiwg.testsuite.getcapabilities.NSG_GetCapabilitiesContentTest">
    <failure type="org.testng.SkipException" message="The WMS contains the optional capabilities metadata but is blank, tests are skipped!">
      <![CDATA[org.testng.SkipException: The WMS contains the optional capabilities metadata but is blank, tests are skipped!
	at ets.wms13.core.dgiwg.testsuite.getcapabilities.GetCapabilitiesContentTest.skipIfNoOptionalMetadata(GetCapabilitiesContentTest.java:133)
	at nsg.wms13.core.dgiwg.testsuite.getcapabilities.NSG_GetCapabilitiesContentTest.wmsCapabilitiesKeywordListExistsAndPopulated(NSG_GetCapabilitiesContentTest.java:69)
	at sun.reflect.NativeMethodAccessorImpl.invoke0(Native Method)
	at sun.reflect.NativeMethodAccessorImpl.invoke(NativeMethodAccessorImpl.java:62)
	at sun.reflect.DelegatingMethodAccessorImpl.invoke(DelegatingMethodAccessorImpl.java:43)
	at java.lang.reflect.Method.invoke(Method.java:498)
	at org.testng.internal.MethodInvocationHelper.invokeMethod(MethodInvocationHelper.java:84)
	at org.testng.internal.Invoker.invokeMethod(Invoker.java:714)
	at org.testng.internal.Invoker.invokeTestMethod(Invoker.java:901)
	at org.testng.internal.Invoker.invokeTestMethods(Invoker.java:1231)
	at org.testng.internal.TestMethodWorker.invokeTestMethods(TestMethodWorker.java:127)
	at org.testng.internal.TestMethodWorker.run(TestMethodWorker.java:111)
	at org.testng.TestRunner.privateRun(TestRunner.java:767)
	at org.testng.TestRunner.run(TestRunner.java:617)
	at org.testng.SuiteRunner.runTest(SuiteRunner.java:348)
	at org.testng.SuiteRunner.runSequentially(SuiteRunner.java:343)
	at org.testng.SuiteRunner.privateRun(SuiteRunner.java:305)
	at org.testng.SuiteRunner.run(SuiteRunner.java:254)
	at org.testng.SuiteRunnerWorker.runSuite(SuiteRunnerWorker.java:52)
	at org.testng.SuiteRunnerWorker.run(SuiteRunnerWorker.java:86)
	at org.testng.TestNG.runSuitesSequentially(TestNG.java:1224)
	at org.testng.TestNG.runSuitesLocally(TestNG.java:1149)
	at org.testng.TestNG.run(TestNG.java:1057)
	at org.testng.remote.AbstractRemoteTestNG.run(AbstractRemoteTestNG.java:132)
	at org.testng.remote.RemoteTestNG.initAndRun(RemoteTestNG.java:230)
	at org.testng.remote.RemoteTestNG.main(RemoteTestNG.java:76)
]]>
    </failure>
  </testcase> <!-- wmsCapabilitiesKeywordListExistsAndPopulated -->
  <testcase name="wmsCapabilitiesAbstractExistsAndPopulated" time="0.038" classname="nsg.wms13.core.dgiwg.testsuite.getcapabilities.NSG_GetCapabilitiesContentTest"/>
  <testcase name="wmsCapabilitiesAccessConstraintsExistsAndPopulated" time="0.028" classname="nsg.wms13.core.dgiwg.testsuite.getcapabilities.NSG_GetCapabilitiesContentTest">
    <failure type="org.testng.SkipException" message="The WMS contains the optional capabilities metadata but is blank, tests are skipped!">
      <![CDATA[org.testng.SkipException: The WMS contains the optional capabilities metadata but is blank, tests are skipped!
	at ets.wms13.core.dgiwg.testsuite.getcapabilities.GetCapabilitiesContentTest.skipIfNoOptionalMetadata(GetCapabilitiesContentTest.java:133)
	at nsg.wms13.core.dgiwg.testsuite.getcapabilities.NSG_GetCapabilitiesContentTest.wmsCapabilitiesAccessConstraintsExistsAndPopulated(NSG_GetCapabilitiesContentTest.java:108)
	at sun.reflect.NativeMethodAccessorImpl.invoke0(Native Method)
	at sun.reflect.NativeMethodAccessorImpl.invoke(NativeMethodAccessorImpl.java:62)
	at sun.reflect.DelegatingMethodAccessorImpl.invoke(DelegatingMethodAccessorImpl.java:43)
	at java.lang.reflect.Method.invoke(Method.java:498)
	at org.testng.internal.MethodInvocationHelper.invokeMethod(MethodInvocationHelper.java:84)
	at org.testng.internal.Invoker.invokeMethod(Invoker.java:714)
	at org.testng.internal.Invoker.invokeTestMethod(Invoker.java:901)
	at org.testng.internal.Invoker.invokeTestMethods(Invoker.java:1231)
	at org.testng.internal.TestMethodWorker.invokeTestMethods(TestMethodWorker.java:127)
	at org.testng.internal.TestMethodWorker.run(TestMethodWorker.java:111)
	at org.testng.TestRunner.privateRun(TestRunner.java:767)
	at org.testng.TestRunner.run(TestRunner.java:617)
	at org.testng.SuiteRunner.runTest(SuiteRunner.java:348)
	at org.testng.SuiteRunner.runSequentially(SuiteRunner.java:343)
	at org.testng.SuiteRunner.privateRun(SuiteRunner.java:305)
	at org.testng.SuiteRunner.run(SuiteRunner.java:254)
	at org.testng.SuiteRunnerWorker.runSuite(SuiteRunnerWorker.java:52)
	at org.testng.SuiteRunnerWorker.run(SuiteRunnerWorker.java:86)
	at org.testng.TestNG.runSuitesSequentially(TestNG.java:1224)
	at org.testng.TestNG.runSuitesLocally(TestNG.java:1149)
	at org.testng.TestNG.run(TestNG.java:1057)
	at org.testng.remote.AbstractRemoteTestNG.run(AbstractRemoteTestNG.java:132)
	at org.testng.remote.RemoteTestNG.initAndRun(RemoteTestNG.java:230)
	at org.testng.remote.RemoteTestNG.main(RemoteTestNG.java:76)
]]>
    </failure>
  </testcase> <!-- wmsCapabilitiesAccessConstraintsExistsAndPopulated -->
  <testcase name="wmsCapabilitiesContactInformationExists" time="0.046" classname="nsg.wms13.core.dgiwg.testsuite.getcapabilities.NSG_GetCapabilitiesContentTest"/>
  <testcase name="wmsCapabilitiesNameExists" time="0.019" classname="nsg.wms13.core.dgiwg.testsuite.getcapabilities.NSG_GetCapabilitiesContentTest"/>
  <testcase name="wmsCapabilitiesLayerLimitExists" time="0.017" classname="nsg.wms13.core.dgiwg.testsuite.getcapabilities.NSG_GetCapabilitiesContentTest">
    <failure type="org.testng.SkipException" message="The WMS does not contain optional capabilities metadata, tests are skipped!">
      <![CDATA[org.testng.SkipException: The WMS does not contain optional capabilities metadata, tests are skipped!
	at ets.wms13.core.dgiwg.testsuite.getcapabilities.GetCapabilitiesContentTest.skipIfNoOptionalMetadata(GetCapabilitiesContentTest.java:135)
	at ets.wms13.core.dgiwg.testsuite.getcapabilities.GetCapabilitiesContentTest.wmsCapabilitiesLayerLimitExists(GetCapabilitiesContentTest.java:117)
	at sun.reflect.NativeMethodAccessorImpl.invoke0(Native Method)
	at sun.reflect.NativeMethodAccessorImpl.invoke(NativeMethodAccessorImpl.java:62)
	at sun.reflect.DelegatingMethodAccessorImpl.invoke(DelegatingMethodAccessorImpl.java:43)
	at java.lang.reflect.Method.invoke(Method.java:498)
	at org.testng.internal.MethodInvocationHelper.invokeMethod(MethodInvocationHelper.java:84)
	at org.testng.internal.Invoker.invokeMethod(Invoker.java:714)
	at org.testng.internal.Invoker.invokeTestMethod(Invoker.java:901)
	at org.testng.internal.Invoker.invokeTestMethods(Invoker.java:1231)
	at org.testng.internal.TestMethodWorker.invokeTestMethods(TestMethodWorker.java:127)
	at org.testng.internal.TestMethodWorker.run(TestMethodWorker.java:111)
	at org.testng.TestRunner.privateRun(TestRunner.java:767)
	at org.testng.TestRunner.run(TestRunner.java:617)
	at org.testng.SuiteRunner.runTest(SuiteRunner.java:348)
	at org.testng.SuiteRunner.runSequentially(SuiteRunner.java:343)
	at org.testng.SuiteRunner.privateRun(SuiteRunner.java:305)
	at org.testng.SuiteRunner.run(SuiteRunner.java:254)
	at org.testng.SuiteRunnerWorker.runSuite(SuiteRunnerWorker.java:52)
	at org.testng.SuiteRunnerWorker.run(SuiteRunnerWorker.java:86)
	at org.testng.TestNG.runSuitesSequentially(TestNG.java:1224)
	at org.testng.TestNG.runSuitesLocally(TestNG.java:1149)
	at org.testng.TestNG.run(TestNG.java:1057)
	at org.testng.remote.AbstractRemoteTestNG.run(AbstractRemoteTestNG.java:132)
	at org.testng.remote.RemoteTestNG.initAndRun(RemoteTestNG.java:230)
	at org.testng.remote.RemoteTestNG.main(RemoteTestNG.java:76)
]]>
    </failure>
  </testcase> <!-- wmsCapabilitiesLayerLimitExists -->
  <testcase name="wmsCapabilitiesFeesExists" time="0.024" classname="nsg.wms13.core.dgiwg.testsuite.getcapabilities.NSG_GetCapabilitiesContentTest">
    <failure type="org.testng.SkipException" message="The WMS contains the optional capabilities metadata but is blank, tests are skipped!">
      <![CDATA[org.testng.SkipException: The WMS contains the optional capabilities metadata but is blank, tests are skipped!
	at ets.wms13.core.dgiwg.testsuite.getcapabilities.GetCapabilitiesContentTest.skipIfNoOptionalMetadata(GetCapabilitiesContentTest.java:133)
	at ets.wms13.core.dgiwg.testsuite.getcapabilities.GetCapabilitiesContentTest.wmsCapabilitiesFeesExists(GetCapabilitiesContentTest.java:94)
	at sun.reflect.NativeMethodAccessorImpl.invoke0(Native Method)
	at sun.reflect.NativeMethodAccessorImpl.invoke(NativeMethodAccessorImpl.java:62)
	at sun.reflect.DelegatingMethodAccessorImpl.invoke(DelegatingMethodAccessorImpl.java:43)
	at java.lang.reflect.Method.invoke(Method.java:498)
	at org.testng.internal.MethodInvocationHelper.invokeMethod(MethodInvocationHelper.java:84)
	at org.testng.internal.Invoker.invokeMethod(Invoker.java:714)
	at org.testng.internal.Invoker.invokeTestMethod(Invoker.java:901)
	at org.testng.internal.Invoker.invokeTestMethods(Invoker.java:1231)
	at org.testng.internal.TestMethodWorker.invokeTestMethods(TestMethodWorker.java:127)
	at org.testng.internal.TestMethodWorker.run(TestMethodWorker.java:111)
	at org.testng.TestRunner.privateRun(TestRunner.java:767)
	at org.testng.TestRunner.run(TestRunner.java:617)
	at org.testng.SuiteRunner.runTest(SuiteRunner.java:348)
	at org.testng.SuiteRunner.runSequentially(SuiteRunner.java:343)
	at org.testng.SuiteRunner.privateRun(SuiteRunner.java:305)
	at org.testng.SuiteRunner.run(SuiteRunner.java:254)
	at org.testng.SuiteRunnerWorker.runSuite(SuiteRunnerWorker.java:52)
	at org.testng.SuiteRunnerWorker.run(SuiteRunnerWorker.java:86)
	at org.testng.TestNG.runSuitesSequentially(TestNG.java:1224)
	at org.testng.TestNG.runSuitesLocally(TestNG.java:1149)
	at org.testng.TestNG.run(TestNG.java:1057)
	at org.testng.remote.AbstractRemoteTestNG.run(AbstractRemoteTestNG.java:132)
	at org.testng.remote.RemoteTestNG.initAndRun(RemoteTestNG.java:230)
	at org.testng.remote.RemoteTestNG.main(RemoteTestNG.java:76)
]]>
    </failure>
  </testcase> <!-- wmsCapabilitiesFeesExists -->
  <testcase name="wmsCapabilitiesTitleExists" time="0.013" classname="nsg.wms13.core.dgiwg.testsuite.getcapabilities.NSG_GetCapabilitiesContentTest"/>
  <testcase name="wmsCapabilitiesOnlineResourceExists" time="0.023" classname="nsg.wms13.core.dgiwg.testsuite.getcapabilities.NSG_GetCapabilitiesContentTest"/>
  <testcase name="wmsCapabilitiesKeywordListExists" time="0.039" classname="nsg.wms13.core.dgiwg.testsuite.getcapabilities.NSG_GetCapabilitiesContentTest">
    <failure type="org.testng.SkipException" message="The WMS contains the optional capabilities metadata but is blank, tests are skipped!">
      <![CDATA[org.testng.SkipException: The WMS contains the optional capabilities metadata but is blank, tests are skipped!
	at ets.wms13.core.dgiwg.testsuite.getcapabilities.GetCapabilitiesContentTest.skipIfNoOptionalMetadata(GetCapabilitiesContentTest.java:133)
	at ets.wms13.core.dgiwg.testsuite.getcapabilities.GetCapabilitiesContentTest.wmsCapabilitiesKeywordListExists(GetCapabilitiesContentTest.java:68)
	at sun.reflect.NativeMethodAccessorImpl.invoke0(Native Method)
	at sun.reflect.NativeMethodAccessorImpl.invoke(NativeMethodAccessorImpl.java:62)
	at sun.reflect.DelegatingMethodAccessorImpl.invoke(DelegatingMethodAccessorImpl.java:43)
	at java.lang.reflect.Method.invoke(Method.java:498)
	at org.testng.internal.MethodInvocationHelper.invokeMethod(MethodInvocationHelper.java:84)
	at org.testng.internal.Invoker.invokeMethod(Invoker.java:714)
	at org.testng.internal.Invoker.invokeTestMethod(Invoker.java:901)
	at org.testng.internal.Invoker.invokeTestMethods(Invoker.java:1231)
	at org.testng.internal.TestMethodWorker.invokeTestMethods(TestMethodWorker.java:127)
	at org.testng.internal.TestMethodWorker.run(TestMethodWorker.java:111)
	at org.testng.TestRunner.privateRun(TestRunner.java:767)
	at org.testng.TestRunner.run(TestRunner.java:617)
	at org.testng.SuiteRunner.runTest(SuiteRunner.java:348)
	at org.testng.SuiteRunner.runSequentially(SuiteRunner.java:343)
	at org.testng.SuiteRunner.privateRun(SuiteRunner.java:305)
	at org.testng.SuiteRunner.run(SuiteRunner.java:254)
	at org.testng.SuiteRunnerWorker.runSuite(SuiteRunnerWorker.java:52)
	at org.testng.SuiteRunnerWorker.run(SuiteRunnerWorker.java:86)
	at org.testng.TestNG.runSuitesSequentially(TestNG.java:1224)
	at org.testng.TestNG.runSuitesLocally(TestNG.java:1149)
	at org.testng.TestNG.run(TestNG.java:1057)
	at org.testng.remote.AbstractRemoteTestNG.run(AbstractRemoteTestNG.java:132)
	at org.testng.remote.RemoteTestNG.initAndRun(RemoteTestNG.java:230)
	at org.testng.remote.RemoteTestNG.main(RemoteTestNG.java:76)
]]>
    </failure>
  </testcase> <!-- wmsCapabilitiesKeywordListExists -->
  <testcase name="wmsCapabilitiesLayerLimitExistsAndPopulated" time="0.014" classname="nsg.wms13.core.dgiwg.testsuite.getcapabilities.NSG_GetCapabilitiesContentTest">
    <failure type="org.testng.SkipException" message="The WMS does not contain optional capabilities metadata, tests are skipped!">
      <![CDATA[org.testng.SkipException: The WMS does not contain optional capabilities metadata, tests are skipped!
	at ets.wms13.core.dgiwg.testsuite.getcapabilities.GetCapabilitiesContentTest.skipIfNoOptionalMetadata(GetCapabilitiesContentTest.java:135)
	at nsg.wms13.core.dgiwg.testsuite.getcapabilities.NSG_GetCapabilitiesContentTest.wmsCapabilitiesLayerLimitExistsAndPopulated(NSG_GetCapabilitiesContentTest.java:118)
	at sun.reflect.NativeMethodAccessorImpl.invoke0(Native Method)
	at sun.reflect.NativeMethodAccessorImpl.invoke(NativeMethodAccessorImpl.java:62)
	at sun.reflect.DelegatingMethodAccessorImpl.invoke(DelegatingMethodAccessorImpl.java:43)
	at java.lang.reflect.Method.invoke(Method.java:498)
	at org.testng.internal.MethodInvocationHelper.invokeMethod(MethodInvocationHelper.java:84)
	at org.testng.internal.Invoker.invokeMethod(Invoker.java:714)
	at org.testng.internal.Invoker.invokeTestMethod(Invoker.java:901)
	at org.testng.internal.Invoker.invokeTestMethods(Invoker.java:1231)
	at org.testng.internal.TestMethodWorker.invokeTestMethods(TestMethodWorker.java:127)
	at org.testng.internal.TestMethodWorker.run(TestMethodWorker.java:111)
	at org.testng.TestRunner.privateRun(TestRunner.java:767)
	at org.testng.TestRunner.run(TestRunner.java:617)
	at org.testng.SuiteRunner.runTest(SuiteRunner.java:348)
	at org.testng.SuiteRunner.runSequentially(SuiteRunner.java:343)
	at org.testng.SuiteRunner.privateRun(SuiteRunner.java:305)
	at org.testng.SuiteRunner.run(SuiteRunner.java:254)
	at org.testng.SuiteRunnerWorker.runSuite(SuiteRunnerWorker.java:52)
	at org.testng.SuiteRunnerWorker.run(SuiteRunnerWorker.java:86)
	at org.testng.TestNG.runSuitesSequentially(TestNG.java:1224)
	at org.testng.TestNG.runSuitesLocally(TestNG.java:1149)
	at org.testng.TestNG.run(TestNG.java:1057)
	at org.testng.remote.AbstractRemoteTestNG.run(AbstractRemoteTestNG.java:132)
	at org.testng.remote.RemoteTestNG.initAndRun(RemoteTestNG.java:230)
	at org.testng.remote.RemoteTestNG.main(RemoteTestNG.java:76)
]]>
    </failure>
  </testcase> <!-- wmsCapabilitiesLayerLimitExistsAndPopulated -->
  <testcase name="wmsCapabilitiesOnlineResourceExistsAndPopulated" time="0.013" classname="nsg.wms13.core.dgiwg.testsuite.getcapabilities.NSG_GetCapabilitiesContentTest"/>
  <testcase name="wmsCapabilitiesNameExistsAndPopulated" time="0.011" classname="nsg.wms13.core.dgiwg.testsuite.getcapabilities.NSG_GetCapabilitiesContentTest"/>
  <testcase name="wmsCapabilitiesAccessConstraintsExists" time="0.020" classname="nsg.wms13.core.dgiwg.testsuite.getcapabilities.NSG_GetCapabilitiesContentTest">
    <failure type="org.testng.SkipException" message="The WMS contains the optional capabilities metadata but is blank, tests are skipped!">
      <![CDATA[org.testng.SkipException: The WMS contains the optional capabilities metadata but is blank, tests are skipped!
	at ets.wms13.core.dgiwg.testsuite.getcapabilities.GetCapabilitiesContentTest.skipIfNoOptionalMetadata(GetCapabilitiesContentTest.java:133)
	at ets.wms13.core.dgiwg.testsuite.getcapabilities.GetCapabilitiesContentTest.wmsCapabilitiesAccessConstraintsExists(GetCapabilitiesContentTest.java:107)
	at sun.reflect.NativeMethodAccessorImpl.invoke0(Native Method)
	at sun.reflect.NativeMethodAccessorImpl.invoke(NativeMethodAccessorImpl.java:62)
	at sun.reflect.DelegatingMethodAccessorImpl.invoke(DelegatingMethodAccessorImpl.java:43)
	at java.lang.reflect.Method.invoke(Method.java:498)
	at org.testng.internal.MethodInvocationHelper.invokeMethod(MethodInvocationHelper.java:84)
	at org.testng.internal.Invoker.invokeMethod(Invoker.java:714)
	at org.testng.internal.Invoker.invokeTestMethod(Invoker.java:901)
	at org.testng.internal.Invoker.invokeTestMethods(Invoker.java:1231)
	at org.testng.internal.TestMethodWorker.invokeTestMethods(TestMethodWorker.java:127)
	at org.testng.internal.TestMethodWorker.run(TestMethodWorker.java:111)
	at org.testng.TestRunner.privateRun(TestRunner.java:767)
	at org.testng.TestRunner.run(TestRunner.java:617)
	at org.testng.SuiteRunner.runTest(SuiteRunner.java:348)
	at org.testng.SuiteRunner.runSequentially(SuiteRunner.java:343)
	at org.testng.SuiteRunner.privateRun(SuiteRunner.java:305)
	at org.testng.SuiteRunner.run(SuiteRunner.java:254)
	at org.testng.SuiteRunnerWorker.runSuite(SuiteRunnerWorker.java:52)
	at org.testng.SuiteRunnerWorker.run(SuiteRunnerWorker.java:86)
	at org.testng.TestNG.runSuitesSequentially(TestNG.java:1224)
	at org.testng.TestNG.runSuitesLocally(TestNG.java:1149)
	at org.testng.TestNG.run(TestNG.java:1057)
	at org.testng.remote.AbstractRemoteTestNG.run(AbstractRemoteTestNG.java:132)
	at org.testng.remote.RemoteTestNG.initAndRun(RemoteTestNG.java:230)
	at org.testng.remote.RemoteTestNG.main(RemoteTestNG.java:76)
]]>
    </failure>
  </testcase> <!-- wmsCapabilitiesAccessConstraintsExists -->
  <testcase name="wmsCapabilitiesContactInformationExistsAndPopulated" time="0.045" classname="nsg.wms13.core.dgiwg.testsuite.getcapabilities.NSG_GetCapabilitiesContentTest"/>
  <testcase name="wmsCapabilitiesTitleExistsAndPopulated" time="0.016" classname="nsg.wms13.core.dgiwg.testsuite.getcapabilities.NSG_GetCapabilitiesContentTest"/>
  <testcase name="wmsCapabilitiesAbstractExists" time="0.037" classname="nsg.wms13.core.dgiwg.testsuite.getcapabilities.NSG_GetCapabilitiesContentTest"/>
  <testcase name="wmsCapabilitiesFeesExistsAndPopulated" time="0.033" classname="nsg.wms13.core.dgiwg.testsuite.getcapabilities.NSG_GetCapabilitiesContentTest">
    <failure type="org.testng.SkipException" message="The WMS contains the optional capabilities metadata but is blank, tests are skipped!">
      <![CDATA[org.testng.SkipException: The WMS contains the optional capabilities metadata but is blank, tests are skipped!
	at ets.wms13.core.dgiwg.testsuite.getcapabilities.GetCapabilitiesContentTest.skipIfNoOptionalMetadata(GetCapabilitiesContentTest.java:133)
	at nsg.wms13.core.dgiwg.testsuite.getcapabilities.NSG_GetCapabilitiesContentTest.wmsCapabilitiesFeesExistsAndPopulated(NSG_GetCapabilitiesContentTest.java:95)
	at sun.reflect.NativeMethodAccessorImpl.invoke0(Native Method)
	at sun.reflect.NativeMethodAccessorImpl.invoke(NativeMethodAccessorImpl.java:62)
	at sun.reflect.DelegatingMethodAccessorImpl.invoke(DelegatingMethodAccessorImpl.java:43)
	at java.lang.reflect.Method.invoke(Method.java:498)
	at org.testng.internal.MethodInvocationHelper.invokeMethod(MethodInvocationHelper.java:84)
	at org.testng.internal.Invoker.invokeMethod(Invoker.java:714)
	at org.testng.internal.Invoker.invokeTestMethod(Invoker.java:901)
	at org.testng.internal.Invoker.invokeTestMethods(Invoker.java:1231)
	at org.testng.internal.TestMethodWorker.invokeTestMethods(TestMethodWorker.java:127)
	at org.testng.internal.TestMethodWorker.run(TestMethodWorker.java:111)
	at org.testng.TestRunner.privateRun(TestRunner.java:767)
	at org.testng.TestRunner.run(TestRunner.java:617)
	at org.testng.SuiteRunner.runTest(SuiteRunner.java:348)
	at org.testng.SuiteRunner.runSequentially(SuiteRunner.java:343)
	at org.testng.SuiteRunner.privateRun(SuiteRunner.java:305)
	at org.testng.SuiteRunner.run(SuiteRunner.java:254)
	at org.testng.SuiteRunnerWorker.runSuite(SuiteRunnerWorker.java:52)
	at org.testng.SuiteRunnerWorker.run(SuiteRunnerWorker.java:86)
	at org.testng.TestNG.runSuitesSequentially(TestNG.java:1224)
	at org.testng.TestNG.runSuitesLocally(TestNG.java:1149)
	at org.testng.TestNG.run(TestNG.java:1057)
	at org.testng.remote.AbstractRemoteTestNG.run(AbstractRemoteTestNG.java:132)
	at org.testng.remote.RemoteTestNG.initAndRun(RemoteTestNG.java:230)
	at org.testng.remote.RemoteTestNG.main(RemoteTestNG.java:76)
]]>
    </failure>
  </testcase> <!-- wmsCapabilitiesFeesExistsAndPopulated -->
</testsuite> <!-- nsg.wms13.core.dgiwg.testsuite.getcapabilities.NSG_GetCapabilitiesContentTest -->
