<?xml version="1.0" encoding="UTF-8"?>
<!-- Generated by org.testng.reporters.JUnitReportReporter -->
<testsuite hostname="0519-EngrSvr02" name="nsg.wmts10.testsuite.getcapabilities.GetCapabilitiesKeywordTest" tests="3" failures="0" timestamp="14 Jul 2017 13:14:17 GMT" time="0.015" errors="1">
  <testcase name="wmtsCapabilitiesKeywordTest" time="0.000" classname="nsg.wmts10.testsuite.getcapabilities.GetCapabilitiesKeywordTest">
    <error type="java.lang.AssertionError" message="WMTS ServiceMetadata Capabilities docuemnt contains no mandatory &lt;Keywords&gt; Element. expected [false] but found [true]">
      <![CDATA[java.lang.AssertionError: WMTS ServiceMetadata Capabilities docuemnt contains no mandatory <Keywords> Element. expected [false] but found [true]
	at org.testng.Assert.fail(Assert.java:94)
	at org.testng.Assert.failNotEquals(Assert.java:494)
	at org.testng.Assert.assertFalse(Assert.java:63)
	at nsg.wmts10.testsuite.getcapabilities.GetCapabilitiesKeywordTest.verifyNASkeywords(GetCapabilitiesKeywordTest.java:71)
	at nsg.wmts10.testsuite.getcapabilities.GetCapabilitiesKeywordTest.wmtsCapabilitiesKeywordTest(GetCapabilitiesKeywordTest.java:57)
	at sun.reflect.NativeMethodAccessorImpl.invoke0(Native Method)
	at sun.reflect.NativeMethodAccessorImpl.invoke(NativeMethodAccessorImpl.java:62)
	at sun.reflect.DelegatingMethodAccessorImpl.invoke(DelegatingMethodAccessorImpl.java:43)
	at java.lang.reflect.Method.invoke(Method.java:498)
	at org.testng.internal.MethodInvocationHelper.invokeMethod(MethodInvocationHelper.java:84)
	at org.testng.internal.Invoker.invokeMethod(Invoker.java:714)
	at org.testng.internal.Invoker.invokeTestMethod(Invoker.java:901)
	at org.testng.internal.Invoker.invokeTestMethods(Invoker.java:1231)
	at org.testng.internal.TestMethodWorker.invokeTestMethods(TestMethodWorker.java:127)
	at org.testng.internal.TestMethodWorker.run(TestMethodWorker.java:111)
	at org.testng.TestRunner.privateRun(TestRunner.java:767)
	at org.testng.TestRunner.run(TestRunner.java:617)
	at org.testng.SuiteRunner.runTest(SuiteRunner.java:348)
	at org.testng.SuiteRunner.runSequentially(SuiteRunner.java:343)
	at org.testng.SuiteRunner.privateRun(SuiteRunner.java:305)
	at org.testng.SuiteRunner.run(SuiteRunner.java:254)
	at org.testng.SuiteRunnerWorker.runSuite(SuiteRunnerWorker.java:52)
	at org.testng.SuiteRunnerWorker.run(SuiteRunnerWorker.java:86)
	at org.testng.TestNG.runSuitesSequentially(TestNG.java:1224)
	at org.testng.TestNG.runSuitesLocally(TestNG.java:1149)
	at org.testng.TestNG.run(TestNG.java:1057)
	at org.testng.remote.AbstractRemoteTestNG.run(AbstractRemoteTestNG.java:132)
	at org.testng.remote.RemoteTestNG.initAndRun(RemoteTestNG.java:230)
	at org.testng.remote.RemoteTestNG.main(RemoteTestNG.java:76)
]]>
    </error>
  </testcase> <!-- wmtsCapabilitiesKeywordTest -->
  <testcase name="verifyGetCapabilitiesSupported" time="0.015" classname="nsg.wmts10.testsuite.getcapabilities.GetCapabilitiesKeywordTest"/>
  <testcase name="wmtsGetCapabilitiesURLExists" time="0.000" classname="nsg.wmts10.testsuite.getcapabilities.GetCapabilitiesKeywordTest"/>
</testsuite> <!-- nsg.wmts10.testsuite.getcapabilities.GetCapabilitiesKeywordTest -->
